Using pre-set license
Built from '2020.3/release' branch; Version is '2020.3.12f1 (b3b2c6512326) revision 11776710'; Using compiler version '192528614'; Build Type 'Release'
OS: 'Windows 10 Education; OS build 19043.1151; Version 2009; 64bit' Language: 'it' Physical Memory: 16333 MB
BatchMode: 1, IsHumanControllingUs: 0, StartBugReporterOnCrash: 0, Is64bit: 1, IsPro: 0

 COMMAND LINE ARGUMENTS:
D:\Unity\Hub\Editor\2020.3.12f1\Editor\Unity.exe
-adb2
-batchMode
-noUpm
-name
AssetImportWorker0
-projectPath
D:/Users/alvif/Documents/Projects/Unity/Briscola
-logFile
Logs/AssetImportWorker0.log
-srvPort
60720
Successfully changed project path to: D:/Users/alvif/Documents/Projects/Unity/Briscola
D:/Users/alvif/Documents/Projects/Unity/Briscola
Using Asset Import Pipeline V2.
Refreshing native plugins compatible for Editor in 46.33 ms, found 3 plugins.
Preloading 0 native plugins for Editor in 0.00 ms.
Initialize engine version: 2020.3.12f1 (b3b2c6512326)
[Subsystems] Discovering subsystems at path D:/Unity/Hub/Editor/2020.3.12f1/Editor/Data/Resources/UnitySubsystems
[Subsystems] Discovering subsystems at path D:/Users/alvif/Documents/Projects/Unity/Briscola/Assets
GfxDevice: creating device client; threaded=0
Direct3D:
    Version:  Direct3D 11.0 [level 11.1]
    Renderer: NVIDIA GeForce GTX 1660 (ID=0x2184)
    Vendor:   
    VRAM:     5991 MB
    Driver:   30.0.14.7141
Initialize mono
Mono path[0] = 'D:/Unity/Hub/Editor/2020.3.12f1/Editor/Data/Managed'
Mono path[1] = 'D:/Unity/Hub/Editor/2020.3.12f1/Editor/Data/MonoBleedingEdge/lib/mono/unityjit'
Mono config path = 'D:/Unity/Hub/Editor/2020.3.12f1/Editor/Data/MonoBleedingEdge/etc'
Using monoOptions --debugger-agent=transport=dt_socket,embedding=1,server=y,suspend=n,address=127.0.0.1:56916
Begin MonoManager ReloadAssembly
Registering precompiled unity dll's ...
Register platform support module: D:/Unity/Hub/Editor/2020.3.12f1/Editor/Data/PlaybackEngines/WindowsStandaloneSupport/UnityEditor.WindowsStandalone.Extensions.dll
Registered in 0.001561 seconds.
Native extension for WindowsStandalone target not found
Refreshing native plugins compatible for Editor in 45.29 ms, found 3 plugins.
Preloading 0 native plugins for Editor in 0.00 ms.
Mono: successfully reloaded assembly
- Completed reload, in  1.293 seconds
Platform modules already initialized, skipping
Registering precompiled user dll's ...
Registered in 0.005779 seconds.
Begin MonoManager ReloadAssembly
Native extension for WindowsStandalone target not found
Refreshing native plugins compatible for Editor in 48.13 ms, found 3 plugins.
Preloading 0 native plugins for Editor in 0.00 ms.
Mono: successfully reloaded assembly
- Completed reload, in  1.251 seconds
Platform modules already initialized, skipping
========================================================================
Worker process is ready to serve import requests
Launched and connected shader compiler UnityShaderCompiler.exe after 0.07 seconds
Refreshing native plugins compatible for Editor in 0.76 ms, found 3 plugins.
Preloading 0 native plugins for Editor in 0.00 ms.
Unloading 2100 Unused Serialized files (Serialized files now loaded: 0)
System memory in use before: 93.7 MB.
System memory in use after: 93.7 MB.

Unloading 33 unused Assets to reduce memory usage. Loaded Objects now: 2535.
Total: 3.238700 ms (FindLiveObjects: 0.342900 ms CreateObjectMapping: 0.088600 ms MarkObjects: 2.662200 ms  DeleteObjects: 0.143200 ms)

AssetImportParameters requested are different than current active one (requested -> active):
  custom:framework-win-MediaFoundation: 216162199b28c13a410421893ffa2e32 -> 
  custom:video-decoder-ogg-theora: a1e56fd34408186e4bbccfd4996cb3dc -> 
  custom:container-muxer-webm: aa71ff27fc2769a1b78a27578f13a17b -> 
  custom:container-demuxer-webm: 4f35f7cbe854078d1ac9338744f61a02 -> 
  custom:container-demuxer-ogg: 62fdf1f143b41e24485cea50d1cbac27 -> 
  custom:video-encoder-webm-vp8: eb34c28f22e8b96e1ab97ce403110664 -> 
  custom:video-decoder-webm-vp8: 9c59270c3fd7afecdb556c50c9e8de78 -> 
  custom:audio-decoder-ogg-vorbis: bf7c407c2cedff20999df2af8eb42d56 -> 
  custom:audio-encoder-webm-vorbis: bf7c407c2cedff20999df2af8eb42d56 -> 
========================================================================
Received Import Request.
  path: Assets/Scripts/Exceptions/TooCardsException.cs
  artifactKey: Guid(b1a688dc1437b4c41956365660d95966) Importer(815301076,1909f56bfc062723c751e8b465ee728b)
Start importing Assets/Scripts/Exceptions/TooCardsException.cs using Guid(b1a688dc1437b4c41956365660d95966) Importer(815301076,1909f56bfc062723c751e8b465ee728b)  -> (artifact id: '9b32bd1c0071b4de6e4aa2367e9684ce') in 0.068539 seconds 
  Import took 0.102448 seconds .

========================================================================
Received Import Request.
  Time since last request: 14.695600 seconds.
  path: Assets/Scripts/Exceptions/CompleteRoundException.cs
  artifactKey: Guid(477548751e6f0fd44a1b119d85071da7) Importer(815301076,1909f56bfc062723c751e8b465ee728b)
Start importing Assets/Scripts/Exceptions/CompleteRoundException.cs using Guid(477548751e6f0fd44a1b119d85071da7) Importer(815301076,1909f56bfc062723c751e8b465ee728b)  -> (artifact id: 'c638a6eff283cdc23fe843a09efa1e95') in 0.003461 seconds 
  Import took 0.025533 seconds .

========================================================================
Received Import Request.
  Time since last request: 0.094601 seconds.
  path: Assets/Scripts/Exceptions/CompleteRoundException.cs
  artifactKey: Guid(477548751e6f0fd44a1b119d85071da7) Importer(815301076,1909f56bfc062723c751e8b465ee728b)
Start importing Assets/Scripts/Exceptions/CompleteRoundException.cs using Guid(477548751e6f0fd44a1b119d85071da7) Importer(815301076,1909f56bfc062723c751e8b465ee728b)  -> (artifact id: 'c638a6eff283cdc23fe843a09efa1e95') in 0.006642 seconds 
  Import took 0.012641 seconds .

========================================================================
Received Import Request.
  Time since last request: 2016.183430 seconds.
  path: Assets/Resources/Cards
  artifactKey: Guid(7f08e07640aab3e41bedfe8eb4ec38e8) Importer(815301076,1909f56bfc062723c751e8b465ee728b)
Start importing Assets/Resources/Cards using Guid(7f08e07640aab3e41bedfe8eb4ec38e8) Importer(815301076,1909f56bfc062723c751e8b465ee728b)  -> (artifact id: 'd5c57ed580ee78f8f4feca54aa989639') in 0.841291 seconds 
  Import took 0.845489 seconds .

========================================================================
Received Prepare
Registering precompiled user dll's ...
Registered in 0.005339 seconds.
Begin MonoManager ReloadAssembly
Native extension for WindowsStandalone target not found
Refreshing native plugins compatible for Editor in 0.48 ms, found 3 plugins.
Preloading 0 native plugins for Editor in 0.00 ms.
Mono: successfully reloaded assembly
- Completed reload, in  1.065 seconds
Platform modules already initialized, skipping
Refreshing native plugins compatible for Editor in 0.46 ms, found 3 plugins.
Preloading 0 native plugins for Editor in 0.00 ms.
Unloading 2095 Unused Serialized files (Serialized files now loaded: 0)
System memory in use before: 93.7 MB.
System memory in use after: 93.7 MB.

Unloading 21 unused Assets to reduce memory usage. Loaded Objects now: 2538.
Total: 2.182700 ms (FindLiveObjects: 0.212400 ms CreateObjectMapping: 0.048800 ms MarkObjects: 1.815500 ms  DeleteObjects: 0.105000 ms)

AssetImportParameters requested are different than current active one (requested -> active):
  custom:framework-win-MediaFoundation: 216162199b28c13a410421893ffa2e32 -> 
  custom:video-decoder-ogg-theora: a1e56fd34408186e4bbccfd4996cb3dc -> 
  custom:container-muxer-webm: aa71ff27fc2769a1b78a27578f13a17b -> 
  custom:container-demuxer-webm: 4f35f7cbe854078d1ac9338744f61a02 -> 
  custom:container-demuxer-ogg: 62fdf1f143b41e24485cea50d1cbac27 -> 
  custom:video-encoder-webm-vp8: eb34c28f22e8b96e1ab97ce403110664 -> 
  custom:video-decoder-webm-vp8: 9c59270c3fd7afecdb556c50c9e8de78 -> 
  custom:audio-decoder-ogg-vorbis: bf7c407c2cedff20999df2af8eb42d56 -> 
  custom:audio-encoder-webm-vorbis: bf7c407c2cedff20999df2af8eb42d56 -> 
========================================================================
Received Import Request.
  Time since last request: 19.680778 seconds.
  path: Assets/Resources/Cards/Spade 7.asset
  artifactKey: Guid(c6f0f9d579555364bb6b58c3adc0e6c9) Importer(815301076,1909f56bfc062723c751e8b465ee728b)
Start importing Assets/Resources/Cards/Spade 7.asset using Guid(c6f0f9d579555364bb6b58c3adc0e6c9) Importer(815301076,1909f56bfc062723c751e8b465ee728b)  -> (artifact id: '613f0cd2be3f97f88386791c411feb99') in 0.019491 seconds 
  Import took 0.022584 seconds .

========================================================================
Received Import Request.
  Time since last request: 0.000195 seconds.
  path: Assets/Resources/Cards/Spade 8.asset
  artifactKey: Guid(8a7627deea4d4e144b74d72e7b3310a3) Importer(815301076,1909f56bfc062723c751e8b465ee728b)
Start importing Assets/Resources/Cards/Spade 8.asset using Guid(8a7627deea4d4e144b74d72e7b3310a3) Importer(815301076,1909f56bfc062723c751e8b465ee728b)  -> (artifact id: '418204f1a8d09632334f6269c9672346') in 0.003211 seconds 
  Import took 0.006069 seconds .

========================================================================
Received Import Request.
  Time since last request: 0.153933 seconds.
  path: Assets/Resources/Cards/Spade 6.asset
  artifactKey: Guid(ad675e72f3c8640449fd51cbb406a129) Importer(815301076,1909f56bfc062723c751e8b465ee728b)
Start importing Assets/Resources/Cards/Spade 6.asset using Guid(ad675e72f3c8640449fd51cbb406a129) Importer(815301076,1909f56bfc062723c751e8b465ee728b)  -> (artifact id: '38963ac2990e46d55f7a6080a4474bf9') in 0.003886 seconds 
  Import took 0.007472 seconds .

========================================================================
Received Import Request.
  Time since last request: 0.000805 seconds.
  path: Assets/Resources/Cards/Spade 6.asset
  artifactKey: Guid(ad675e72f3c8640449fd51cbb406a129) Importer(815301076,1909f56bfc062723c751e8b465ee728b)
Start importing Assets/Resources/Cards/Spade 6.asset using Guid(ad675e72f3c8640449fd51cbb406a129) Importer(815301076,1909f56bfc062723c751e8b465ee728b)  -> (artifact id: '38963ac2990e46d55f7a6080a4474bf9') in 0.040990 seconds 
  Import took 0.044244 seconds .

========================================================================
Received Import Request.
  Time since last request: 0.126516 seconds.
  path: Assets/Resources/Cards/Spade 5.asset
  artifactKey: Guid(00f8012e9d1c0b94faf088c844e78b0d) Importer(815301076,1909f56bfc062723c751e8b465ee728b)
Start importing Assets/Resources/Cards/Spade 5.asset using Guid(00f8012e9d1c0b94faf088c844e78b0d) Importer(815301076,1909f56bfc062723c751e8b465ee728b)  -> (artifact id: 'e3c0de487a21e207e0501baec2364d44') in 0.003247 seconds 
  Import took 0.006459 seconds .

========================================================================
Received Import Request.
  Time since last request: 0.000616 seconds.
  path: Assets/Resources/Cards/Spade 5.asset
  artifactKey: Guid(00f8012e9d1c0b94faf088c844e78b0d) Importer(815301076,1909f56bfc062723c751e8b465ee728b)
Start importing Assets/Resources/Cards/Spade 5.asset using Guid(00f8012e9d1c0b94faf088c844e78b0d) Importer(815301076,1909f56bfc062723c751e8b465ee728b)  -> (artifact id: 'e3c0de487a21e207e0501baec2364d44') in 0.003023 seconds 
  Import took 0.006007 seconds .

========================================================================
Received Import Request.
  Time since last request: 0.100593 seconds.
  path: Assets/Resources/Cards/Spade 4.asset
  artifactKey: Guid(a7007b650515d7740b17dcb73ba99985) Importer(815301076,1909f56bfc062723c751e8b465ee728b)
Start importing Assets/Resources/Cards/Spade 4.asset using Guid(a7007b650515d7740b17dcb73ba99985) Importer(815301076,1909f56bfc062723c751e8b465ee728b)  -> (artifact id: 'c62e7126c390fcd7bb8ef4b2c80c5b89') in 0.003627 seconds 
  Import took 0.006938 seconds .

========================================================================
Received Import Request.
  Time since last request: 0.000678 seconds.
  path: Assets/Resources/Cards/Spade 4.asset
  artifactKey: Guid(a7007b650515d7740b17dcb73ba99985) Importer(815301076,1909f56bfc062723c751e8b465ee728b)
Start importing Assets/Resources/Cards/Spade 4.asset using Guid(a7007b650515d7740b17dcb73ba99985) Importer(815301076,1909f56bfc062723c751e8b465ee728b)  -> (artifact id: 'c62e7126c390fcd7bb8ef4b2c80c5b89') in 0.002887 seconds 
  Import took 0.005860 seconds .

========================================================================
Received Import Request.
  Time since last request: 0.134299 seconds.
  path: Assets/Resources/Cards/Spade 3.asset
  artifactKey: Guid(5ce7ceff44d8d7f4ba69880642e3698c) Importer(815301076,1909f56bfc062723c751e8b465ee728b)
Start importing Assets/Resources/Cards/Spade 3.asset using Guid(5ce7ceff44d8d7f4ba69880642e3698c) Importer(815301076,1909f56bfc062723c751e8b465ee728b)  -> (artifact id: 'ec51e31f87b51259db3ac25dc844747b') in 0.004052 seconds 
  Import took 0.007999 seconds .

========================================================================
Received Import Request.
  Time since last request: 0.143799 seconds.
  path: Assets/Resources/Cards/Spade 2.asset
  artifactKey: Guid(18c0e44947ffa6144a0d04acf8bcebe0) Importer(815301076,1909f56bfc062723c751e8b465ee728b)
Start importing Assets/Resources/Cards/Spade 2.asset using Guid(18c0e44947ffa6144a0d04acf8bcebe0) Importer(815301076,1909f56bfc062723c751e8b465ee728b)  -> (artifact id: '02d2caa0999cc7f9ad588614acafabd8') in 0.003953 seconds 
  Import took 0.007594 seconds .

========================================================================
Received Import Request.
  Time since last request: 0.129459 seconds.
  path: Assets/Resources/Cards/Spade 1.asset
  artifactKey: Guid(f9a422e415e76ec4e87731c52d69a66b) Importer(815301076,1909f56bfc062723c751e8b465ee728b)
Start importing Assets/Resources/Cards/Spade 1.asset using Guid(f9a422e415e76ec4e87731c52d69a66b) Importer(815301076,1909f56bfc062723c751e8b465ee728b)  -> (artifact id: '5ffad844c18d1359e3a9b2900eafeb2e') in 0.005034 seconds 
  Import took 0.009670 seconds .

========================================================================
Received Import Request.
  Time since last request: 0.135771 seconds.
  path: Assets/Resources/Cards/Denari 10.asset
  artifactKey: Guid(5fc38aba8d994354b8a972d7d78978c0) Importer(815301076,1909f56bfc062723c751e8b465ee728b)
Start importing Assets/Resources/Cards/Denari 10.asset using Guid(5fc38aba8d994354b8a972d7d78978c0) Importer(815301076,1909f56bfc062723c751e8b465ee728b)  -> (artifact id: '8130557231ce7917269016aed21603ff') in 0.004063 seconds 
  Import took 0.007322 seconds .

========================================================================
Received Import Request.
  Time since last request: 0.146981 seconds.
  path: Assets/Resources/Cards/Denari 9.asset
  artifactKey: Guid(14c501babe61b014d905490867c3722e) Importer(815301076,1909f56bfc062723c751e8b465ee728b)
Start importing Assets/Resources/Cards/Denari 9.asset using Guid(14c501babe61b014d905490867c3722e) Importer(815301076,1909f56bfc062723c751e8b465ee728b)  -> (artifact id: '7609cfbcfaa71699a91b5c6399b9f785') in 0.015363 seconds 
  Import took 0.018493 seconds .

========================================================================
Received Import Request.
  Time since last request: 0.001804 seconds.
  path: Assets/Resources/Cards/Denari 9.asset
  artifactKey: Guid(14c501babe61b014d905490867c3722e) Importer(815301076,1909f56bfc062723c751e8b465ee728b)
Start importing Assets/Resources/Cards/Denari 9.asset using Guid(14c501babe61b014d905490867c3722e) Importer(815301076,1909f56bfc062723c751e8b465ee728b)  -> (artifact id: '7609cfbcfaa71699a91b5c6399b9f785') in 0.003411 seconds 
  Import took 0.006504 seconds .

========================================================================
Received Import Request.
  Time since last request: 1.596841 seconds.
  path: Assets/Resources/Cards/Spade 9.asset
  artifactKey: Guid(41bf32f07ce049449854c9881f8c7492) Importer(815301076,1909f56bfc062723c751e8b465ee728b)
Start importing Assets/Resources/Cards/Spade 9.asset using Guid(41bf32f07ce049449854c9881f8c7492) Importer(815301076,1909f56bfc062723c751e8b465ee728b)  -> (artifact id: '6ded6bbd457b3b02f91952e200df364c') in 0.004549 seconds 
  Import took 0.008097 seconds .

========================================================================
Received Import Request.
  Time since last request: 0.168609 seconds.
  path: Assets/Resources/Cards/Spade 10.asset
  artifactKey: Guid(5550975c722a08e43bc6f5449d1dab4b) Importer(815301076,1909f56bfc062723c751e8b465ee728b)
Start importing Assets/Resources/Cards/Spade 10.asset using Guid(5550975c722a08e43bc6f5449d1dab4b) Importer(815301076,1909f56bfc062723c751e8b465ee728b)  -> (artifact id: '8b9e2e6ff1891fff189cbc87e7df8cfc') in 0.003640 seconds 
  Import took 0.006753 seconds .

========================================================================
Received Import Request.
  Time since last request: 2.377345 seconds.
  path: Assets/Resources/Cards/Denari 8.asset
  artifactKey: Guid(aa2fd1e84d7608941b6bec129e5629cd) Importer(815301076,1909f56bfc062723c751e8b465ee728b)
Start importing Assets/Resources/Cards/Denari 8.asset using Guid(aa2fd1e84d7608941b6bec129e5629cd) Importer(815301076,1909f56bfc062723c751e8b465ee728b)  -> (artifact id: 'e444258ac424660ce814eaafdc2c5f48') in 0.003381 seconds 
  Import took 0.006751 seconds .

========================================================================
Received Import Request.
  Time since last request: 0.000629 seconds.
  path: Assets/Resources/Cards/Denari 8.asset
  artifactKey: Guid(aa2fd1e84d7608941b6bec129e5629cd) Importer(815301076,1909f56bfc062723c751e8b465ee728b)
Start importing Assets/Resources/Cards/Denari 8.asset using Guid(aa2fd1e84d7608941b6bec129e5629cd) Importer(815301076,1909f56bfc062723c751e8b465ee728b)  -> (artifact id: 'e444258ac424660ce814eaafdc2c5f48') in 0.002970 seconds 
  Import took 0.005846 seconds .

========================================================================
Received Import Request.
  Time since last request: 0.134269 seconds.
  path: Assets/Resources/Cards/Denari 7.asset
  artifactKey: Guid(ba6c46fa361d5364f966ed1b6dd1b1ec) Importer(815301076,1909f56bfc062723c751e8b465ee728b)
Start importing Assets/Resources/Cards/Denari 7.asset using Guid(ba6c46fa361d5364f966ed1b6dd1b1ec) Importer(815301076,1909f56bfc062723c751e8b465ee728b)  -> (artifact id: '5b665357fb309be6dfbad730b3da11f3') in 0.003322 seconds 
  Import took 0.006675 seconds .

========================================================================
Received Import Request.
  Time since last request: 0.000398 seconds.
  path: Assets/Resources/Cards/Denari 7.asset
  artifactKey: Guid(ba6c46fa361d5364f966ed1b6dd1b1ec) Importer(815301076,1909f56bfc062723c751e8b465ee728b)
Start importing Assets/Resources/Cards/Denari 7.asset using Guid(ba6c46fa361d5364f966ed1b6dd1b1ec) Importer(815301076,1909f56bfc062723c751e8b465ee728b)  -> (artifact id: '5b665357fb309be6dfbad730b3da11f3') in 0.002862 seconds 
  Import took 0.005677 seconds .

========================================================================
Received Import Request.
  Time since last request: 0.339146 seconds.
  path: Assets/Resources/Cards/Denari 6.asset
  artifactKey: Guid(3e6661c0331b483419d4fd4e135f77b8) Importer(815301076,1909f56bfc062723c751e8b465ee728b)
Start importing Assets/Resources/Cards/Denari 6.asset using Guid(3e6661c0331b483419d4fd4e135f77b8) Importer(815301076,1909f56bfc062723c751e8b465ee728b)  -> (artifact id: '5e862e03740ba613aee5755d6ed88479') in 0.005096 seconds 
  Import took 0.009683 seconds .

========================================================================
Received Import Request.
  Time since last request: 0.100974 seconds.
  path: Assets/Resources/Cards/Denari 5.asset
  artifactKey: Guid(bdc9cd61bd06c0d45b04976c774c6647) Importer(815301076,1909f56bfc062723c751e8b465ee728b)
Start importing Assets/Resources/Cards/Denari 5.asset using Guid(bdc9cd61bd06c0d45b04976c774c6647) Importer(815301076,1909f56bfc062723c751e8b465ee728b)  -> (artifact id: 'a206add666b94a0f69808e0f2de98c47') in 0.003736 seconds 
  Import took 0.006980 seconds .

========================================================================
Received Import Request.
  Time since last request: 0.000461 seconds.
  path: Assets/Resources/Cards/Denari 5.asset
  artifactKey: Guid(bdc9cd61bd06c0d45b04976c774c6647) Importer(815301076,1909f56bfc062723c751e8b465ee728b)
Start importing Assets/Resources/Cards/Denari 5.asset using Guid(bdc9cd61bd06c0d45b04976c774c6647) Importer(815301076,1909f56bfc062723c751e8b465ee728b)  -> (artifact id: 'a206add666b94a0f69808e0f2de98c47') in 0.003314 seconds 
  Import took 0.006689 seconds .

========================================================================
Received Import Request.
  Time since last request: 0.132080 seconds.
  path: Assets/Resources/Cards/Denari 4.asset
  artifactKey: Guid(b51fd7cfcc1401f4280c8f42d6bbd29f) Importer(815301076,1909f56bfc062723c751e8b465ee728b)
Start importing Assets/Resources/Cards/Denari 4.asset using Guid(b51fd7cfcc1401f4280c8f42d6bbd29f) Importer(815301076,1909f56bfc062723c751e8b465ee728b)  -> (artifact id: '5095a12d13eeb0a4797b7edfcb32a859') in 0.003239 seconds 
  Import took 0.006520 seconds .

========================================================================
Received Import Request.
  Time since last request: 0.000700 seconds.
  path: Assets/Resources/Cards/Denari 4.asset
  artifactKey: Guid(b51fd7cfcc1401f4280c8f42d6bbd29f) Importer(815301076,1909f56bfc062723c751e8b465ee728b)
Start importing Assets/Resources/Cards/Denari 4.asset using Guid(b51fd7cfcc1401f4280c8f42d6bbd29f) Importer(815301076,1909f56bfc062723c751e8b465ee728b)  -> (artifact id: '5095a12d13eeb0a4797b7edfcb32a859') in 0.002947 seconds 
  Import took 0.005736 seconds .

========================================================================
Received Import Request.
  Time since last request: 0.253473 seconds.
  path: Assets/Resources/Cards/Denari 3.asset
  artifactKey: Guid(f74a1a6599ec0ca4b9170f675df52937) Importer(815301076,1909f56bfc062723c751e8b465ee728b)
Start importing Assets/Resources/Cards/Denari 3.asset using Guid(f74a1a6599ec0ca4b9170f675df52937) Importer(815301076,1909f56bfc062723c751e8b465ee728b)  -> (artifact id: '4016d589405a8b76dfbfb2b98455bd29') in 0.003655 seconds 
  Import took 0.006868 seconds .

========================================================================
Received Import Request.
  Time since last request: 0.000615 seconds.
  path: Assets/Resources/Cards/Denari 3.asset
  artifactKey: Guid(f74a1a6599ec0ca4b9170f675df52937) Importer(815301076,1909f56bfc062723c751e8b465ee728b)
Start importing Assets/Resources/Cards/Denari 3.asset using Guid(f74a1a6599ec0ca4b9170f675df52937) Importer(815301076,1909f56bfc062723c751e8b465ee728b)  -> (artifact id: '4016d589405a8b76dfbfb2b98455bd29') in 0.003182 seconds 
  Import took 0.006032 seconds .

========================================================================
Received Import Request.
  Time since last request: 0.132018 seconds.
  path: Assets/Resources/Cards/Denari 2.asset
  artifactKey: Guid(b2dc2f6f5cbde514da515da4ba723cfa) Importer(815301076,1909f56bfc062723c751e8b465ee728b)
Start importing Assets/Resources/Cards/Denari 2.asset using Guid(b2dc2f6f5cbde514da515da4ba723cfa) Importer(815301076,1909f56bfc062723c751e8b465ee728b)  -> (artifact id: '369cc03a5aa40a939b7a5372d920545a') in 0.006261 seconds 
  Import took 0.012621 seconds .

========================================================================
Received Import Request.
  Time since last request: 0.238725 seconds.
  path: Assets/Resources/Cards/Denari 1.asset
  artifactKey: Guid(cf473927e0975c74886a6081ba8baacf) Importer(815301076,1909f56bfc062723c751e8b465ee728b)
Start importing Assets/Resources/Cards/Denari 1.asset using Guid(cf473927e0975c74886a6081ba8baacf) Importer(815301076,1909f56bfc062723c751e8b465ee728b)  -> (artifact id: 'f3062cf2088da3b2a7c5cd67f745d41d') in 0.003756 seconds 
  Import took 0.006870 seconds .

========================================================================
Received Import Request.
  Time since last request: 0.000340 seconds.
  path: Assets/Resources/Cards/Denari 1.asset
  artifactKey: Guid(cf473927e0975c74886a6081ba8baacf) Importer(815301076,1909f56bfc062723c751e8b465ee728b)
Start importing Assets/Resources/Cards/Denari 1.asset using Guid(cf473927e0975c74886a6081ba8baacf) Importer(815301076,1909f56bfc062723c751e8b465ee728b)  -> (artifact id: 'f3062cf2088da3b2a7c5cd67f745d41d') in 0.003092 seconds 
  Import took 0.005976 seconds .

========================================================================
Received Import Request.
  Time since last request: 0.304382 seconds.
  path: Assets/Resources/Cards/Coppe 10.asset
  artifactKey: Guid(2910c4e1e626b5a48b547e714afe857f) Importer(815301076,1909f56bfc062723c751e8b465ee728b)
Start importing Assets/Resources/Cards/Coppe 10.asset using Guid(2910c4e1e626b5a48b547e714afe857f) Importer(815301076,1909f56bfc062723c751e8b465ee728b)  -> (artifact id: 'fc82fcace57095a24091c1df0398cb36') in 0.006679 seconds 
  Import took 0.012991 seconds .

========================================================================
Received Prepare
Registering precompiled user dll's ...
Registered in 0.005892 seconds.
Begin MonoManager ReloadAssembly
Native extension for WindowsStandalone target not found
Refreshing native plugins compatible for Editor in 0.48 ms, found 3 plugins.
Preloading 0 native plugins for Editor in 0.00 ms.
Mono: successfully reloaded assembly
- Completed reload, in  1.061 seconds
Platform modules already initialized, skipping
Refreshing native plugins compatible for Editor in 0.47 ms, found 3 plugins.
Preloading 0 native plugins for Editor in 0.00 ms.
Unloading 2095 Unused Serialized files (Serialized files now loaded: 0)
System memory in use before: 93.7 MB.
System memory in use after: 93.7 MB.

Unloading 21 unused Assets to reduce memory usage. Loaded Objects now: 2541.
Total: 2.150700 ms (FindLiveObjects: 0.185100 ms CreateObjectMapping: 0.049000 ms MarkObjects: 1.811200 ms  DeleteObjects: 0.104400 ms)

AssetImportParameters requested are different than current active one (requested -> active):
  custom:framework-win-MediaFoundation: 216162199b28c13a410421893ffa2e32 -> 
  custom:video-decoder-ogg-theora: a1e56fd34408186e4bbccfd4996cb3dc -> 
  custom:container-muxer-webm: aa71ff27fc2769a1b78a27578f13a17b -> 
  custom:container-demuxer-webm: 4f35f7cbe854078d1ac9338744f61a02 -> 
  custom:container-demuxer-ogg: 62fdf1f143b41e24485cea50d1cbac27 -> 
  custom:video-encoder-webm-vp8: eb34c28f22e8b96e1ab97ce403110664 -> 
  custom:video-decoder-webm-vp8: 9c59270c3fd7afecdb556c50c9e8de78 -> 
  custom:audio-decoder-ogg-vorbis: bf7c407c2cedff20999df2af8eb42d56 -> 
  custom:audio-encoder-webm-vorbis: bf7c407c2cedff20999df2af8eb42d56 -> 
========================================================================
Received Prepare
Registering precompiled user dll's ...
Registered in 0.005143 seconds.
Begin MonoManager ReloadAssembly
Native extension for WindowsStandalone target not found
Refreshing native plugins compatible for Editor in 0.47 ms, found 3 plugins.
Preloading 0 native plugins for Editor in 0.00 ms.
Mono: successfully reloaded assembly
- Completed reload, in  1.051 seconds
Platform modules already initialized, skipping
Refreshing native plugins compatible for Editor in 0.48 ms, found 3 plugins.
Preloading 0 native plugins for Editor in 0.00 ms.
Unloading 2095 Unused Serialized files (Serialized files now loaded: 0)
System memory in use before: 93.8 MB.
System memory in use after: 93.7 MB.

Unloading 21 unused Assets to reduce memory usage. Loaded Objects now: 2544.
Total: 2.276400 ms (FindLiveObjects: 0.190500 ms CreateObjectMapping: 0.053600 ms MarkObjects: 1.920700 ms  DeleteObjects: 0.110200 ms)

AssetImportParameters requested are different than current active one (requested -> active):
  custom:framework-win-MediaFoundation: 216162199b28c13a410421893ffa2e32 -> 
  custom:video-decoder-ogg-theora: a1e56fd34408186e4bbccfd4996cb3dc -> 
  custom:container-muxer-webm: aa71ff27fc2769a1b78a27578f13a17b -> 
  custom:container-demuxer-webm: 4f35f7cbe854078d1ac9338744f61a02 -> 
  custom:container-demuxer-ogg: 62fdf1f143b41e24485cea50d1cbac27 -> 
  custom:video-encoder-webm-vp8: eb34c28f22e8b96e1ab97ce403110664 -> 
  custom:video-decoder-webm-vp8: 9c59270c3fd7afecdb556c50c9e8de78 -> 
  custom:audio-decoder-ogg-vorbis: bf7c407c2cedff20999df2af8eb42d56 -> 
  custom:audio-encoder-webm-vorbis: bf7c407c2cedff20999df2af8eb42d56 -> 
========================================================================
Received Prepare
Registering precompiled user dll's ...
Registered in 0.005829 seconds.
Begin MonoManager ReloadAssembly
Native extension for WindowsStandalone target not found
Refreshing native plugins compatible for Editor in 0.50 ms, found 3 plugins.
Preloading 0 native plugins for Editor in 0.00 ms.
Mono: successfully reloaded assembly
- Completed reload, in  1.090 seconds
Platform modules already initialized, skipping
Refreshing native plugins compatible for Editor in 0.47 ms, found 3 plugins.
Preloading 0 native plugins for Editor in 0.00 ms.
Unloading 2095 Unused Serialized files (Serialized files now loaded: 0)
System memory in use before: 93.8 MB.
System memory in use after: 93.8 MB.

Unloading 21 unused Assets to reduce memory usage. Loaded Objects now: 2547.
Total: 2.210300 ms (FindLiveObjects: 0.192700 ms CreateObjectMapping: 0.049800 ms MarkObjects: 1.859500 ms  DeleteObjects: 0.107300 ms)

AssetImportParameters requested are different than current active one (requested -> active):
  custom:framework-win-MediaFoundation: 216162199b28c13a410421893ffa2e32 -> 
  custom:video-decoder-ogg-theora: a1e56fd34408186e4bbccfd4996cb3dc -> 
  custom:container-muxer-webm: aa71ff27fc2769a1b78a27578f13a17b -> 
  custom:container-demuxer-webm: 4f35f7cbe854078d1ac9338744f61a02 -> 
  custom:container-demuxer-ogg: 62fdf1f143b41e24485cea50d1cbac27 -> 
  custom:video-encoder-webm-vp8: eb34c28f22e8b96e1ab97ce403110664 -> 
  custom:video-decoder-webm-vp8: 9c59270c3fd7afecdb556c50c9e8de78 -> 
  custom:audio-decoder-ogg-vorbis: bf7c407c2cedff20999df2af8eb42d56 -> 
  custom:audio-encoder-webm-vorbis: bf7c407c2cedff20999df2af8eb42d56 -> 
========================================================================
Received Prepare
Registering precompiled user dll's ...
Registered in 0.005374 seconds.
Begin MonoManager ReloadAssembly
Native extension for WindowsStandalone target not found
Refreshing native plugins compatible for Editor in 0.46 ms, found 3 plugins.
Preloading 0 native plugins for Editor in 0.00 ms.
Mono: successfully reloaded assembly
- Completed reload, in  1.045 seconds
Platform modules already initialized, skipping
Refreshing native plugins compatible for Editor in 0.48 ms, found 3 plugins.
Preloading 0 native plugins for Editor in 0.00 ms.
Unloading 2095 Unused Serialized files (Serialized files now loaded: 0)
System memory in use before: 93.8 MB.
System memory in use after: 93.8 MB.

Unloading 21 unused Assets to reduce memory usage. Loaded Objects now: 2550.
Total: 2.170600 ms (FindLiveObjects: 0.191500 ms CreateObjectMapping: 0.050200 ms MarkObjects: 1.823500 ms  DeleteObjects: 0.104300 ms)

AssetImportParameters requested are different than current active one (requested -> active):
  custom:framework-win-MediaFoundation: 216162199b28c13a410421893ffa2e32 -> 
  custom:video-decoder-ogg-theora: a1e56fd34408186e4bbccfd4996cb3dc -> 
  custom:container-muxer-webm: aa71ff27fc2769a1b78a27578f13a17b -> 
  custom:container-demuxer-webm: 4f35f7cbe854078d1ac9338744f61a02 -> 
  custom:container-demuxer-ogg: 62fdf1f143b41e24485cea50d1cbac27 -> 
  custom:video-encoder-webm-vp8: eb34c28f22e8b96e1ab97ce403110664 -> 
  custom:video-decoder-webm-vp8: 9c59270c3fd7afecdb556c50c9e8de78 -> 
  custom:audio-decoder-ogg-vorbis: bf7c407c2cedff20999df2af8eb42d56 -> 
  custom:audio-encoder-webm-vorbis: bf7c407c2cedff20999df2af8eb42d56 -> 
========================================================================
Received Prepare
Registering precompiled user dll's ...
Registered in 0.005364 seconds.
Begin MonoManager ReloadAssembly
Native extension for WindowsStandalone target not found
Refreshing native plugins compatible for Editor in 0.48 ms, found 3 plugins.
Preloading 0 native plugins for Editor in 0.00 ms.
Mono: successfully reloaded assembly
- Completed reload, in  1.067 seconds
Platform modules already initialized, skipping
Refreshing native plugins compatible for Editor in 0.47 ms, found 3 plugins.
Preloading 0 native plugins for Editor in 0.00 ms.
Unloading 2095 Unused Serialized files (Serialized files now loaded: 0)
System memory in use before: 93.8 MB.
System memory in use after: 93.8 MB.

Unloading 21 unused Assets to reduce memory usage. Loaded Objects now: 2553.
Total: 2.928000 ms (FindLiveObjects: 0.218100 ms CreateObjectMapping: 0.066000 ms MarkObjects: 2.502400 ms  DeleteObjects: 0.140500 ms)

AssetImportParameters requested are different than current active one (requested -> active):
  custom:framework-win-MediaFoundation: 216162199b28c13a410421893ffa2e32 -> 
  custom:video-decoder-ogg-theora: a1e56fd34408186e4bbccfd4996cb3dc -> 
  custom:container-muxer-webm: aa71ff27fc2769a1b78a27578f13a17b -> 
  custom:container-demuxer-webm: 4f35f7cbe854078d1ac9338744f61a02 -> 
  custom:container-demuxer-ogg: 62fdf1f143b41e24485cea50d1cbac27 -> 
  custom:video-encoder-webm-vp8: eb34c28f22e8b96e1ab97ce403110664 -> 
  custom:video-decoder-webm-vp8: 9c59270c3fd7afecdb556c50c9e8de78 -> 
  custom:audio-decoder-ogg-vorbis: bf7c407c2cedff20999df2af8eb42d56 -> 
  custom:audio-encoder-webm-vorbis: bf7c407c2cedff20999df2af8eb42d56 -> 
========================================================================
Received Import Request.
  Time since last request: 2921.122463 seconds.
  path: Assets/Scripts/PointsTester.cs
  artifactKey: Guid(6142a28943d76f34b96fe89358aeaf2e) Importer(815301076,1909f56bfc062723c751e8b465ee728b)
Start importing Assets/Scripts/PointsTester.cs using Guid(6142a28943d76f34b96fe89358aeaf2e) Importer(815301076,1909f56bfc062723c751e8b465ee728b)  -> (artifact id: 'af6c476362362797cc35b1d2b2cfc05c') in 0.006648 seconds 
  Import took 0.009934 seconds .

========================================================================
Received Prepare
Registering precompiled user dll's ...
Registered in 0.005324 seconds.
Begin MonoManager ReloadAssembly
Native extension for WindowsStandalone target not found
Refreshing native plugins compatible for Editor in 0.54 ms, found 3 plugins.
Preloading 0 native plugins for Editor in 0.00 ms.
Mono: successfully reloaded assembly
- Completed reload, in  1.054 seconds
Platform modules already initialized, skipping
Refreshing native plugins compatible for Editor in 0.49 ms, found 3 plugins.
Preloading 0 native plugins for Editor in 0.00 ms.
Unloading 2096 Unused Serialized files (Serialized files now loaded: 0)
System memory in use before: 93.9 MB.
System memory in use after: 93.8 MB.

Unloading 21 unused Assets to reduce memory usage. Loaded Objects now: 2557.
Total: 2.173100 ms (FindLiveObjects: 0.199600 ms CreateObjectMapping: 0.049300 ms MarkObjects: 1.815900 ms  DeleteObjects: 0.107200 ms)

AssetImportParameters requested are different than current active one (requested -> active):
  custom:framework-win-MediaFoundation: 216162199b28c13a410421893ffa2e32 -> 
  custom:video-decoder-ogg-theora: a1e56fd34408186e4bbccfd4996cb3dc -> 
  custom:container-muxer-webm: aa71ff27fc2769a1b78a27578f13a17b -> 
  custom:container-demuxer-webm: 4f35f7cbe854078d1ac9338744f61a02 -> 
  custom:container-demuxer-ogg: 62fdf1f143b41e24485cea50d1cbac27 -> 
  custom:video-encoder-webm-vp8: eb34c28f22e8b96e1ab97ce403110664 -> 
  custom:video-decoder-webm-vp8: 9c59270c3fd7afecdb556c50c9e8de78 -> 
  custom:audio-decoder-ogg-vorbis: bf7c407c2cedff20999df2af8eb42d56 -> 
  custom:audio-encoder-webm-vorbis: bf7c407c2cedff20999df2af8eb42d56 -> 
========================================================================
Received Import Request.
  Time since last request: 71.732049 seconds.
  path: Assets/Scripts/PointsTester.cs
  artifactKey: Guid(6142a28943d76f34b96fe89358aeaf2e) Importer(815301076,1909f56bfc062723c751e8b465ee728b)
Start importing Assets/Scripts/PointsTester.cs using Guid(6142a28943d76f34b96fe89358aeaf2e) Importer(815301076,1909f56bfc062723c751e8b465ee728b)  -> (artifact id: 'eedb0a0e895c1ec6413217450808b77e') in 0.006659 seconds 
  Import took 0.010278 seconds .

========================================================================
Received Import Request.
  Time since last request: 0.242163 seconds.
  path: Assets/Scripts/PointsTester.cs
  artifactKey: Guid(6142a28943d76f34b96fe89358aeaf2e) Importer(815301076,1909f56bfc062723c751e8b465ee728b)
Start importing Assets/Scripts/PointsTester.cs using Guid(6142a28943d76f34b96fe89358aeaf2e) Importer(815301076,1909f56bfc062723c751e8b465ee728b)  -> (artifact id: 'eedb0a0e895c1ec6413217450808b77e') in 0.026880 seconds 
  Import took 0.030168 seconds .

========================================================================
Received Prepare
Registering precompiled user dll's ...
Registered in 0.005559 seconds.
Begin MonoManager ReloadAssembly
Native extension for WindowsStandalone target not found
Refreshing native plugins compatible for Editor in 0.48 ms, found 3 plugins.
Preloading 0 native plugins for Editor in 0.00 ms.
Mono: successfully reloaded assembly
- Completed reload, in  1.045 seconds
Platform modules already initialized, skipping
Refreshing native plugins compatible for Editor in 0.53 ms, found 3 plugins.
Preloading 0 native plugins for Editor in 0.00 ms.
Unloading 2096 Unused Serialized files (Serialized files now loaded: 0)
System memory in use before: 93.9 MB.
System memory in use after: 93.8 MB.

Unloading 21 unused Assets to reduce memory usage. Loaded Objects now: 2560.
Total: 2.375800 ms (FindLiveObjects: 0.201800 ms CreateObjectMapping: 0.049700 ms MarkObjects: 2.003500 ms  DeleteObjects: 0.119600 ms)

AssetImportParameters requested are different than current active one (requested -> active):
  custom:framework-win-MediaFoundation: 216162199b28c13a410421893ffa2e32 -> 
  custom:video-decoder-ogg-theora: a1e56fd34408186e4bbccfd4996cb3dc -> 
  custom:container-muxer-webm: aa71ff27fc2769a1b78a27578f13a17b -> 
  custom:container-demuxer-webm: 4f35f7cbe854078d1ac9338744f61a02 -> 
  custom:container-demuxer-ogg: 62fdf1f143b41e24485cea50d1cbac27 -> 
  custom:video-encoder-webm-vp8: eb34c28f22e8b96e1ab97ce403110664 -> 
  custom:video-decoder-webm-vp8: 9c59270c3fd7afecdb556c50c9e8de78 -> 
  custom:audio-decoder-ogg-vorbis: bf7c407c2cedff20999df2af8eb42d56 -> 
  custom:audio-encoder-webm-vorbis: bf7c407c2cedff20999df2af8eb42d56 -> 
========================================================================
Received Prepare
Registering precompiled user dll's ...
Registered in 0.005387 seconds.
Begin MonoManager ReloadAssembly
Native extension for WindowsStandalone target not found
Refreshing native plugins compatible for Editor in 0.48 ms, found 3 plugins.
Preloading 0 native plugins for Editor in 0.00 ms.
Mono: successfully reloaded assembly
- Completed reload, in  1.046 seconds
Platform modules already initialized, skipping
Refreshing native plugins compatible for Editor in 0.50 ms, found 3 plugins.
Preloading 0 native plugins for Editor in 0.00 ms.
Unloading 2096 Unused Serialized files (Serialized files now loaded: 0)
System memory in use before: 93.9 MB.
System memory in use after: 93.9 MB.

Unloading 21 unused Assets to reduce memory usage. Loaded Objects now: 2563.
Total: 2.243900 ms (FindLiveObjects: 0.192400 ms CreateObjectMapping: 0.049200 ms MarkObjects: 1.889900 ms  DeleteObjects: 0.111100 ms)

AssetImportParameters requested are different than current active one (requested -> active):
  custom:framework-win-MediaFoundation: 216162199b28c13a410421893ffa2e32 -> 
  custom:video-decoder-ogg-theora: a1e56fd34408186e4bbccfd4996cb3dc -> 
  custom:container-muxer-webm: aa71ff27fc2769a1b78a27578f13a17b -> 
  custom:container-demuxer-webm: 4f35f7cbe854078d1ac9338744f61a02 -> 
  custom:container-demuxer-ogg: 62fdf1f143b41e24485cea50d1cbac27 -> 
  custom:video-encoder-webm-vp8: eb34c28f22e8b96e1ab97ce403110664 -> 
  custom:video-decoder-webm-vp8: 9c59270c3fd7afecdb556c50c9e8de78 -> 
  custom:audio-decoder-ogg-vorbis: bf7c407c2cedff20999df2af8eb42d56 -> 
  custom:audio-encoder-webm-vorbis: bf7c407c2cedff20999df2af8eb42d56 -> 
========================================================================
Received Prepare
Registering precompiled user dll's ...
Registered in 0.005124 seconds.
Begin MonoManager ReloadAssembly
Native extension for WindowsStandalone target not found
Refreshing native plugins compatible for Editor in 0.51 ms, found 3 plugins.
Preloading 0 native plugins for Editor in 0.00 ms.
Mono: successfully reloaded assembly
- Completed reload, in  1.058 seconds
Platform modules already initialized, skipping
Refreshing native plugins compatible for Editor in 0.50 ms, found 3 plugins.
Preloading 0 native plugins for Editor in 0.00 ms.
Unloading 2096 Unused Serialized files (Serialized files now loaded: 0)
System memory in use before: 93.9 MB.
System memory in use after: 93.9 MB.

Unloading 21 unused Assets to reduce memory usage. Loaded Objects now: 2566.
Total: 2.320900 ms (FindLiveObjects: 0.251700 ms CreateObjectMapping: 0.051900 ms MarkObjects: 1.882800 ms  DeleteObjects: 0.133400 ms)

AssetImportParameters requested are different than current active one (requested -> active):
  custom:framework-win-MediaFoundation: 216162199b28c13a410421893ffa2e32 -> 
  custom:video-decoder-ogg-theora: a1e56fd34408186e4bbccfd4996cb3dc -> 
  custom:container-muxer-webm: aa71ff27fc2769a1b78a27578f13a17b -> 
  custom:container-demuxer-webm: 4f35f7cbe854078d1ac9338744f61a02 -> 
  custom:container-demuxer-ogg: 62fdf1f143b41e24485cea50d1cbac27 -> 
  custom:video-encoder-webm-vp8: eb34c28f22e8b96e1ab97ce403110664 -> 
  custom:video-decoder-webm-vp8: 9c59270c3fd7afecdb556c50c9e8de78 -> 
  custom:audio-decoder-ogg-vorbis: bf7c407c2cedff20999df2af8eb42d56 -> 
  custom:audio-encoder-webm-vorbis: bf7c407c2cedff20999df2af8eb42d56 -> 
========================================================================
Received Prepare
Registering precompiled user dll's ...
Registered in 0.005785 seconds.
Begin MonoManager ReloadAssembly
Native extension for WindowsStandalone target not found
Refreshing native plugins compatible for Editor in 0.46 ms, found 3 plugins.
Preloading 0 native plugins for Editor in 0.00 ms.
Mono: successfully reloaded assembly
- Completed reload, in  1.036 seconds
Platform modules already initialized, skipping
Refreshing native plugins compatible for Editor in 0.48 ms, found 3 plugins.
Preloading 0 native plugins for Editor in 0.00 ms.
Unloading 2096 Unused Serialized files (Serialized files now loaded: 0)
System memory in use before: 93.9 MB.
System memory in use after: 93.9 MB.

Unloading 21 unused Assets to reduce memory usage. Loaded Objects now: 2569.
Total: 2.178500 ms (FindLiveObjects: 0.192000 ms CreateObjectMapping: 0.050800 ms MarkObjects: 1.827400 ms  DeleteObjects: 0.107300 ms)

AssetImportParameters requested are different than current active one (requested -> active):
  custom:framework-win-MediaFoundation: 216162199b28c13a410421893ffa2e32 -> 
  custom:video-decoder-ogg-theora: a1e56fd34408186e4bbccfd4996cb3dc -> 
  custom:container-muxer-webm: aa71ff27fc2769a1b78a27578f13a17b -> 
  custom:container-demuxer-webm: 4f35f7cbe854078d1ac9338744f61a02 -> 
  custom:container-demuxer-ogg: 62fdf1f143b41e24485cea50d1cbac27 -> 
  custom:video-encoder-webm-vp8: eb34c28f22e8b96e1ab97ce403110664 -> 
  custom:video-decoder-webm-vp8: 9c59270c3fd7afecdb556c50c9e8de78 -> 
  custom:audio-decoder-ogg-vorbis: bf7c407c2cedff20999df2af8eb42d56 -> 
  custom:audio-encoder-webm-vorbis: bf7c407c2cedff20999df2af8eb42d56 -> 
========================================================================
Received Import Request.
  Time since last request: 110.368531 seconds.
  path: Assets/Scripts/PointsRules.cs
  artifactKey: Guid(c94a0c891bde4a44fb1e31c719b8e292) Importer(815301076,1909f56bfc062723c751e8b465ee728b)
Start importing Assets/Scripts/PointsRules.cs using Guid(c94a0c891bde4a44fb1e31c719b8e292) Importer(815301076,1909f56bfc062723c751e8b465ee728b)  -> (artifact id: '6fb69ee4e6f7b93f08937c8016346eed') in 0.005607 seconds 
  Import took 0.008912 seconds .

========================================================================
Received Import Request.
  Time since last request: 0.288000 seconds.
  path: Assets/Scripts/PointsTester.cs
  artifactKey: Guid(6142a28943d76f34b96fe89358aeaf2e) Importer(815301076,1909f56bfc062723c751e8b465ee728b)
Start importing Assets/Scripts/PointsTester.cs using Guid(6142a28943d76f34b96fe89358aeaf2e) Importer(815301076,1909f56bfc062723c751e8b465ee728b)  -> (artifact id: '4be0aafb222c2cc15c399436a99a4fa7') in 0.002689 seconds 
  Import took 0.006065 seconds .

========================================================================
Received Import Request.
  Time since last request: 0.001291 seconds.
  path: Assets/Scripts/PointsTester.cs
  artifactKey: Guid(6142a28943d76f34b96fe89358aeaf2e) Importer(815301076,1909f56bfc062723c751e8b465ee728b)
Start importing Assets/Scripts/PointsTester.cs using Guid(6142a28943d76f34b96fe89358aeaf2e) Importer(815301076,1909f56bfc062723c751e8b465ee728b)  -> (artifact id: '4be0aafb222c2cc15c399436a99a4fa7') in 0.002473 seconds 
  Import took 0.005796 seconds .

========================================================================
Received Prepare
Registering precompiled user dll's ...
Registered in 0.005206 seconds.
Begin MonoManager ReloadAssembly
Native extension for WindowsStandalone target not found
Refreshing native plugins compatible for Editor in 0.46 ms, found 3 plugins.
Preloading 0 native plugins for Editor in 0.00 ms.
Mono: successfully reloaded assembly
- Completed reload, in  1.155 seconds
Platform modules already initialized, skipping
Refreshing native plugins compatible for Editor in 0.70 ms, found 3 plugins.
Preloading 0 native plugins for Editor in 0.00 ms.
Unloading 2095 Unused Serialized files (Serialized files now loaded: 0)
System memory in use before: 93.9 MB.
System memory in use after: 93.9 MB.

Unloading 22 unused Assets to reduce memory usage. Loaded Objects now: 2571.
Total: 2.221900 ms (FindLiveObjects: 0.210400 ms CreateObjectMapping: 0.049000 ms MarkObjects: 1.821900 ms  DeleteObjects: 0.139200 ms)

AssetImportParameters requested are different than current active one (requested -> active):
  custom:framework-win-MediaFoundation: 216162199b28c13a410421893ffa2e32 -> 
  custom:video-decoder-ogg-theora: a1e56fd34408186e4bbccfd4996cb3dc -> 
  custom:container-muxer-webm: aa71ff27fc2769a1b78a27578f13a17b -> 
  custom:container-demuxer-webm: 4f35f7cbe854078d1ac9338744f61a02 -> 
  custom:container-demuxer-ogg: 62fdf1f143b41e24485cea50d1cbac27 -> 
  custom:video-encoder-webm-vp8: eb34c28f22e8b96e1ab97ce403110664 -> 
  custom:video-decoder-webm-vp8: 9c59270c3fd7afecdb556c50c9e8de78 -> 
  custom:audio-decoder-ogg-vorbis: bf7c407c2cedff20999df2af8eb42d56 -> 
  custom:audio-encoder-webm-vorbis: bf7c407c2cedff20999df2af8eb42d56 -> 
========================================================================
Received Prepare
Registering precompiled user dll's ...
Registered in 0.005444 seconds.
Begin MonoManager ReloadAssembly
Native extension for WindowsStandalone target not found
Refreshing native plugins compatible for Editor in 0.64 ms, found 3 plugins.
Preloading 0 native plugins for Editor in 0.00 ms.
Mono: successfully reloaded assembly
- Completed reload, in  1.135 seconds
Platform modules already initialized, skipping
Refreshing native plugins compatible for Editor in 0.48 ms, found 3 plugins.
Preloading 0 native plugins for Editor in 0.00 ms.
Unloading 2095 Unused Serialized files (Serialized files now loaded: 0)
System memory in use before: 93.9 MB.
System memory in use after: 93.9 MB.

Unloading 21 unused Assets to reduce memory usage. Loaded Objects now: 2574.
Total: 2.255700 ms (FindLiveObjects: 0.204400 ms CreateObjectMapping: 0.049200 ms MarkObjects: 1.878500 ms  DeleteObjects: 0.122500 ms)

AssetImportParameters requested are different than current active one (requested -> active):
  custom:framework-win-MediaFoundation: 216162199b28c13a410421893ffa2e32 -> 
  custom:video-decoder-ogg-theora: a1e56fd34408186e4bbccfd4996cb3dc -> 
  custom:container-muxer-webm: aa71ff27fc2769a1b78a27578f13a17b -> 
  custom:container-demuxer-webm: 4f35f7cbe854078d1ac9338744f61a02 -> 
  custom:container-demuxer-ogg: 62fdf1f143b41e24485cea50d1cbac27 -> 
  custom:video-encoder-webm-vp8: eb34c28f22e8b96e1ab97ce403110664 -> 
  custom:video-decoder-webm-vp8: 9c59270c3fd7afecdb556c50c9e8de78 -> 
  custom:audio-decoder-ogg-vorbis: bf7c407c2cedff20999df2af8eb42d56 -> 
  custom:audio-encoder-webm-vorbis: bf7c407c2cedff20999df2af8eb42d56 -> 
========================================================================
Received Prepare
Registering precompiled user dll's ...
Registered in 0.005457 seconds.
Begin MonoManager ReloadAssembly
Native extension for WindowsStandalone target not found
Refreshing native plugins compatible for Editor in 0.76 ms, found 3 plugins.
Preloading 0 native plugins for Editor in 0.00 ms.
Mono: successfully reloaded assembly
- Completed reload, in  1.377 seconds
Platform modules already initialized, skipping
Refreshing native plugins compatible for Editor in 0.68 ms, found 3 plugins.
Preloading 0 native plugins for Editor in 0.00 ms.
Unloading 2095 Unused Serialized files (Serialized files now loaded: 0)
System memory in use before: 93.9 MB.
System memory in use after: 93.9 MB.

Unloading 21 unused Assets to reduce memory usage. Loaded Objects now: 2577.
Total: 2.354500 ms (FindLiveObjects: 0.217500 ms CreateObjectMapping: 0.048800 ms MarkObjects: 1.964300 ms  DeleteObjects: 0.122700 ms)

AssetImportParameters requested are different than current active one (requested -> active):
  custom:framework-win-MediaFoundation: 216162199b28c13a410421893ffa2e32 -> 
  custom:video-decoder-ogg-theora: a1e56fd34408186e4bbccfd4996cb3dc -> 
  custom:container-muxer-webm: aa71ff27fc2769a1b78a27578f13a17b -> 
  custom:container-demuxer-webm: 4f35f7cbe854078d1ac9338744f61a02 -> 
  custom:container-demuxer-ogg: 62fdf1f143b41e24485cea50d1cbac27 -> 
  custom:video-encoder-webm-vp8: eb34c28f22e8b96e1ab97ce403110664 -> 
  custom:video-decoder-webm-vp8: 9c59270c3fd7afecdb556c50c9e8de78 -> 
  custom:audio-decoder-ogg-vorbis: bf7c407c2cedff20999df2af8eb42d56 -> 
  custom:audio-encoder-webm-vorbis: bf7c407c2cedff20999df2af8eb42d56 -> 
========================================================================
Received Prepare
Registering precompiled user dll's ...
Registered in 0.005350 seconds.
Begin MonoManager ReloadAssembly
Native extension for WindowsStandalone target not found
Refreshing native plugins compatible for Editor in 0.79 ms, found 3 plugins.
Preloading 0 native plugins for Editor in 0.00 ms.
Mono: successfully reloaded assembly
- Completed reload, in  1.149 seconds
Platform modules already initialized, skipping
Refreshing native plugins compatible for Editor in 0.47 ms, found 3 plugins.
Preloading 0 native plugins for Editor in 0.00 ms.
Unloading 2095 Unused Serialized files (Serialized files now loaded: 0)
System memory in use before: 93.9 MB.
System memory in use after: 93.9 MB.

Unloading 21 unused Assets to reduce memory usage. Loaded Objects now: 2580.
Total: 2.211500 ms (FindLiveObjects: 0.199300 ms CreateObjectMapping: 0.050800 ms MarkObjects: 1.851000 ms  DeleteObjects: 0.109100 ms)

AssetImportParameters requested are different than current active one (requested -> active):
  custom:framework-win-MediaFoundation: 216162199b28c13a410421893ffa2e32 -> 
  custom:video-decoder-ogg-theora: a1e56fd34408186e4bbccfd4996cb3dc -> 
  custom:container-muxer-webm: aa71ff27fc2769a1b78a27578f13a17b -> 
  custom:container-demuxer-webm: 4f35f7cbe854078d1ac9338744f61a02 -> 
  custom:container-demuxer-ogg: 62fdf1f143b41e24485cea50d1cbac27 -> 
  custom:video-encoder-webm-vp8: eb34c28f22e8b96e1ab97ce403110664 -> 
  custom:video-decoder-webm-vp8: 9c59270c3fd7afecdb556c50c9e8de78 -> 
  custom:audio-decoder-ogg-vorbis: bf7c407c2cedff20999df2af8eb42d56 -> 
  custom:audio-encoder-webm-vorbis: bf7c407c2cedff20999df2af8eb42d56 -> 
========================================================================
Received Prepare
Registering precompiled user dll's ...
Registered in 0.005216 seconds.
Begin MonoManager ReloadAssembly
Native extension for WindowsStandalone target not found
Refreshing native plugins compatible for Editor in 0.48 ms, found 3 plugins.
Preloading 0 native plugins for Editor in 0.00 ms.
Mono: successfully reloaded assembly
- Completed reload, in  1.034 seconds
Platform modules already initialized, skipping
Refreshing native plugins compatible for Editor in 0.51 ms, found 3 plugins.
Preloading 0 native plugins for Editor in 0.00 ms.
Unloading 2095 Unused Serialized files (Serialized files now loaded: 0)
System memory in use before: 93.9 MB.
System memory in use after: 93.9 MB.

Unloading 21 unused Assets to reduce memory usage. Loaded Objects now: 2583.
Total: 2.313200 ms (FindLiveObjects: 0.231700 ms CreateObjectMapping: 0.061500 ms MarkObjects: 1.897500 ms  DeleteObjects: 0.121300 ms)

AssetImportParameters requested are different than current active one (requested -> active):
  custom:framework-win-MediaFoundation: 216162199b28c13a410421893ffa2e32 -> 
  custom:video-decoder-ogg-theora: a1e56fd34408186e4bbccfd4996cb3dc -> 
  custom:container-muxer-webm: aa71ff27fc2769a1b78a27578f13a17b -> 
  custom:container-demuxer-webm: 4f35f7cbe854078d1ac9338744f61a02 -> 
  custom:container-demuxer-ogg: 62fdf1f143b41e24485cea50d1cbac27 -> 
  custom:video-encoder-webm-vp8: eb34c28f22e8b96e1ab97ce403110664 -> 
  custom:video-decoder-webm-vp8: 9c59270c3fd7afecdb556c50c9e8de78 -> 
  custom:audio-decoder-ogg-vorbis: bf7c407c2cedff20999df2af8eb42d56 -> 
  custom:audio-encoder-webm-vorbis: bf7c407c2cedff20999df2af8eb42d56 -> 
========================================================================
Received Prepare
Registering precompiled user dll's ...
Registered in 0.005263 seconds.
Begin MonoManager ReloadAssembly
Native extension for WindowsStandalone target not found
Refreshing native plugins compatible for Editor in 0.48 ms, found 3 plugins.
Preloading 0 native plugins for Editor in 0.00 ms.
Mono: successfully reloaded assembly
- Completed reload, in  1.078 seconds
Platform modules already initialized, skipping
Refreshing native plugins compatible for Editor in 0.50 ms, found 3 plugins.
Preloading 0 native plugins for Editor in 0.00 ms.
Unloading 2095 Unused Serialized files (Serialized files now loaded: 0)
System memory in use before: 93.9 MB.
System memory in use after: 93.9 MB.

Unloading 21 unused Assets to reduce memory usage. Loaded Objects now: 2586.
Total: 2.192800 ms (FindLiveObjects: 0.220300 ms CreateObjectMapping: 0.050000 ms MarkObjects: 1.814900 ms  DeleteObjects: 0.106400 ms)

AssetImportParameters requested are different than current active one (requested -> active):
  custom:framework-win-MediaFoundation: 216162199b28c13a410421893ffa2e32 -> 
  custom:video-decoder-ogg-theora: a1e56fd34408186e4bbccfd4996cb3dc -> 
  custom:container-muxer-webm: aa71ff27fc2769a1b78a27578f13a17b -> 
  custom:container-demuxer-webm: 4f35f7cbe854078d1ac9338744f61a02 -> 
  custom:container-demuxer-ogg: 62fdf1f143b41e24485cea50d1cbac27 -> 
  custom:video-encoder-webm-vp8: eb34c28f22e8b96e1ab97ce403110664 -> 
  custom:video-decoder-webm-vp8: 9c59270c3fd7afecdb556c50c9e8de78 -> 
  custom:audio-decoder-ogg-vorbis: bf7c407c2cedff20999df2af8eb42d56 -> 
  custom:audio-encoder-webm-vorbis: bf7c407c2cedff20999df2af8eb42d56 -> 
========================================================================
Received Import Request.
  Time since last request: 2310.207690 seconds.
  path: Assets/Scripts/Player.cs
  artifactKey: Guid(de7c2e7639c844240bbb27be20c130a6) Importer(815301076,1909f56bfc062723c751e8b465ee728b)
Start importing Assets/Scripts/Player.cs using Guid(de7c2e7639c844240bbb27be20c130a6) Importer(815301076,1909f56bfc062723c751e8b465ee728b)  -> (artifact id: 'be77a0b52917edf90f436bae14ecbfef') in 0.006885 seconds 
  Import took 0.010726 seconds .

========================================================================
Received Import Request.
  Time since last request: 0.199850 seconds.
  path: Assets/Scripts/SkinManager.cs
  artifactKey: Guid(ee43e26c3f8bc4d47a8113fc0487fd91) Importer(815301076,1909f56bfc062723c751e8b465ee728b)
Start importing Assets/Scripts/SkinManager.cs using Guid(ee43e26c3f8bc4d47a8113fc0487fd91) Importer(815301076,1909f56bfc062723c751e8b465ee728b)  -> (artifact id: '8e0c9adb3f4ea2558b157ac38d316424') in 0.002940 seconds 
  Import took 0.006506 seconds .

========================================================================
Received Import Request.
  Time since last request: 0.300788 seconds.
  path: Assets/Scripts/Suit.cs
  artifactKey: Guid(2809cffebd71b9b4a9635771676012a5) Importer(815301076,1909f56bfc062723c751e8b465ee728b)
Start importing Assets/Scripts/Suit.cs using Guid(2809cffebd71b9b4a9635771676012a5) Importer(815301076,1909f56bfc062723c751e8b465ee728b)  -> (artifact id: 'c7c0fdbdc049489cf14b1f09153de5ae') in 0.003509 seconds 
  Import took 0.007292 seconds .

========================================================================
Received Import Request.
  Time since last request: 0.000340 seconds.
  path: Assets/Scripts/Suit.cs
  artifactKey: Guid(2809cffebd71b9b4a9635771676012a5) Importer(815301076,1909f56bfc062723c751e8b465ee728b)
Start importing Assets/Scripts/Suit.cs using Guid(2809cffebd71b9b4a9635771676012a5) Importer(815301076,1909f56bfc062723c751e8b465ee728b)  -> (artifact id: 'c7c0fdbdc049489cf14b1f09153de5ae') in 0.002361 seconds 
  Import took 0.005410 seconds .

========================================================================
Received Import Request.
  Time since last request: 0.761354 seconds.
  path: Assets/Scripts/Deck.cs
  artifactKey: Guid(71c0cadb8de5a7549a42d903337df285) Importer(815301076,1909f56bfc062723c751e8b465ee728b)
Start importing Assets/Scripts/Deck.cs using Guid(71c0cadb8de5a7549a42d903337df285) Importer(815301076,1909f56bfc062723c751e8b465ee728b)  -> (artifact id: '9b94901511cee44a455036233bf6b239') in 0.002764 seconds 
  Import took 0.006144 seconds .

========================================================================
Received Import Request.
  Time since last request: 0.057613 seconds.
  path: Assets/Scripts/Deck.cs
  artifactKey: Guid(71c0cadb8de5a7549a42d903337df285) Importer(815301076,1909f56bfc062723c751e8b465ee728b)
Start importing Assets/Scripts/Deck.cs using Guid(71c0cadb8de5a7549a42d903337df285) Importer(815301076,1909f56bfc062723c751e8b465ee728b)  -> (artifact id: '9b94901511cee44a455036233bf6b239') in 0.028262 seconds 
  Import took 0.031972 seconds .

========================================================================
Received Import Request.
  Time since last request: 0.175088 seconds.
  path: Assets/Scripts/PointsRules.cs
  artifactKey: Guid(c94a0c891bde4a44fb1e31c719b8e292) Importer(815301076,1909f56bfc062723c751e8b465ee728b)
Start importing Assets/Scripts/PointsRules.cs using Guid(c94a0c891bde4a44fb1e31c719b8e292) Importer(815301076,1909f56bfc062723c751e8b465ee728b)  -> (artifact id: 'b31cb125cd6c9a3f7e99781428ea46ff') in 0.002483 seconds 
  Import took 0.005556 seconds .

========================================================================
Received Import Request.
  Time since last request: 0.293399 seconds.
  path: Assets/Scripts/IInteractable.cs
  artifactKey: Guid(465807fc5e5a58046a4f4949e5870b65) Importer(815301076,1909f56bfc062723c751e8b465ee728b)
Start importing Assets/Scripts/IInteractable.cs using Guid(465807fc5e5a58046a4f4949e5870b65) Importer(815301076,1909f56bfc062723c751e8b465ee728b)  -> (artifact id: '1e3eb65b14caf5b6741581d65b029631') in 0.002697 seconds 
  Import took 0.005771 seconds .

========================================================================
Received Import Request.
  Time since last request: 0.001081 seconds.
  path: Assets/Scripts/IInteractable.cs
  artifactKey: Guid(465807fc5e5a58046a4f4949e5870b65) Importer(815301076,1909f56bfc062723c751e8b465ee728b)
Start importing Assets/Scripts/IInteractable.cs using Guid(465807fc5e5a58046a4f4949e5870b65) Importer(815301076,1909f56bfc062723c751e8b465ee728b)  -> (artifact id: '1e3eb65b14caf5b6741581d65b029631') in 0.002668 seconds 
  Import took 0.005768 seconds .

========================================================================
Received Import Request.
  Time since last request: 10.296959 seconds.
  path: Assets/Scripts/Round.cs
  artifactKey: Guid(9f50795c1a4fb7649b5f96f8f042bf8b) Importer(815301076,1909f56bfc062723c751e8b465ee728b)
Start importing Assets/Scripts/Round.cs using Guid(9f50795c1a4fb7649b5f96f8f042bf8b) Importer(815301076,1909f56bfc062723c751e8b465ee728b)  -> (artifact id: 'f3cda8eab39dac0e659ca582698a4311') in 0.003347 seconds 
  Import took 0.006610 seconds .

========================================================================
Received Import Request.
  Time since last request: 0.001059 seconds.
  path: Assets/Scripts/Round.cs
  artifactKey: Guid(9f50795c1a4fb7649b5f96f8f042bf8b) Importer(815301076,1909f56bfc062723c751e8b465ee728b)
Start importing Assets/Scripts/Round.cs using Guid(9f50795c1a4fb7649b5f96f8f042bf8b) Importer(815301076,1909f56bfc062723c751e8b465ee728b)  -> (artifact id: 'f3cda8eab39dac0e659ca582698a4311') in 0.002591 seconds 
  Import took 0.005992 seconds .

========================================================================
Received Prepare
Registering precompiled user dll's ...
Registered in 0.005141 seconds.
Begin MonoManager ReloadAssembly
Native extension for WindowsStandalone target not found
Refreshing native plugins compatible for Editor in 0.48 ms, found 3 plugins.
Preloading 0 native plugins for Editor in 0.00 ms.
Mono: successfully reloaded assembly
- Completed reload, in  1.027 seconds
Platform modules already initialized, skipping
Refreshing native plugins compatible for Editor in 0.68 ms, found 3 plugins.
Preloading 0 native plugins for Editor in 0.00 ms.
Unloading 2095 Unused Serialized files (Serialized files now loaded: 0)
System memory in use before: 93.9 MB.
System memory in use after: 93.9 MB.

Unloading 21 unused Assets to reduce memory usage. Loaded Objects now: 2589.
Total: 2.171800 ms (FindLiveObjects: 0.191300 ms CreateObjectMapping: 0.050100 ms MarkObjects: 1.822600 ms  DeleteObjects: 0.106800 ms)

AssetImportParameters requested are different than current active one (requested -> active):
  custom:framework-win-MediaFoundation: 216162199b28c13a410421893ffa2e32 -> 
  custom:video-decoder-ogg-theora: a1e56fd34408186e4bbccfd4996cb3dc -> 
  custom:container-muxer-webm: aa71ff27fc2769a1b78a27578f13a17b -> 
  custom:container-demuxer-webm: 4f35f7cbe854078d1ac9338744f61a02 -> 
  custom:container-demuxer-ogg: 62fdf1f143b41e24485cea50d1cbac27 -> 
  custom:video-encoder-webm-vp8: eb34c28f22e8b96e1ab97ce403110664 -> 
  custom:video-decoder-webm-vp8: 9c59270c3fd7afecdb556c50c9e8de78 -> 
  custom:audio-decoder-ogg-vorbis: bf7c407c2cedff20999df2af8eb42d56 -> 
  custom:audio-encoder-webm-vorbis: bf7c407c2cedff20999df2af8eb42d56 -> 
========================================================================
Received Import Request.
  Time since last request: 284.062435 seconds.
  path: Assets/Scripts/MenuManager.cs
  artifactKey: Guid(18eb01f5ad669b547bc64260f59e6917) Importer(815301076,1909f56bfc062723c751e8b465ee728b)
Start importing Assets/Scripts/MenuManager.cs using Guid(18eb01f5ad669b547bc64260f59e6917) Importer(815301076,1909f56bfc062723c751e8b465ee728b)  -> (artifact id: '7acb9d485326cf723ce07194457edaf8') in 0.006113 seconds 
  Import took 0.009345 seconds .

========================================================================
Received Prepare
Registering precompiled user dll's ...
Registered in 0.005462 seconds.
Begin MonoManager ReloadAssembly
Native extension for WindowsStandalone target not found
Refreshing native plugins compatible for Editor in 0.49 ms, found 3 plugins.
Preloading 0 native plugins for Editor in 0.00 ms.
Mono: successfully reloaded assembly
- Completed reload, in  1.083 seconds
Platform modules already initialized, skipping
Refreshing native plugins compatible for Editor in 0.66 ms, found 3 plugins.
Preloading 0 native plugins for Editor in 0.00 ms.
Unloading 2096 Unused Serialized files (Serialized files now loaded: 0)
System memory in use before: 94.0 MB.
System memory in use after: 93.9 MB.

Unloading 21 unused Assets to reduce memory usage. Loaded Objects now: 2593.
Total: 2.208100 ms (FindLiveObjects: 0.202700 ms CreateObjectMapping: 0.053100 ms MarkObjects: 1.834100 ms  DeleteObjects: 0.117100 ms)

AssetImportParameters requested are different than current active one (requested -> active):
  custom:framework-win-MediaFoundation: 216162199b28c13a410421893ffa2e32 -> 
  custom:video-decoder-ogg-theora: a1e56fd34408186e4bbccfd4996cb3dc -> 
  custom:container-muxer-webm: aa71ff27fc2769a1b78a27578f13a17b -> 
  custom:container-demuxer-webm: 4f35f7cbe854078d1ac9338744f61a02 -> 
  custom:container-demuxer-ogg: 62fdf1f143b41e24485cea50d1cbac27 -> 
  custom:video-encoder-webm-vp8: eb34c28f22e8b96e1ab97ce403110664 -> 
  custom:video-decoder-webm-vp8: 9c59270c3fd7afecdb556c50c9e8de78 -> 
  custom:audio-decoder-ogg-vorbis: bf7c407c2cedff20999df2af8eb42d56 -> 
  custom:audio-encoder-webm-vorbis: bf7c407c2cedff20999df2af8eb42d56 -> 
========================================================================
Received Import Request.
  Time since last request: 4.756108 seconds.
  path: Assets/Scripts/Deck.cs
  artifactKey: Guid(71c0cadb8de5a7549a42d903337df285) Importer(815301076,1909f56bfc062723c751e8b465ee728b)
Start importing Assets/Scripts/Deck.cs using Guid(71c0cadb8de5a7549a42d903337df285) Importer(815301076,1909f56bfc062723c751e8b465ee728b)  -> (artifact id: '510621714bdbfdca25be5e5da4587738') in 0.005465 seconds 
  Import took 0.008653 seconds .

========================================================================
Received Import Request.
  Time since last request: 28.849767 seconds.
  path: Assets/Scripts/MenuManager.cs
  artifactKey: Guid(18eb01f5ad669b547bc64260f59e6917) Importer(815301076,1909f56bfc062723c751e8b465ee728b)
Start importing Assets/Scripts/MenuManager.cs using Guid(18eb01f5ad669b547bc64260f59e6917) Importer(815301076,1909f56bfc062723c751e8b465ee728b)  -> (artifact id: '5c6304bdeef4cbd4c3ce2c0f3fde8c66') in 0.002629 seconds 
  Import took 0.005786 seconds .

========================================================================
Received Import Request.
  Time since last request: 0.002191 seconds.
  path: Assets/Scripts/MenuManager.cs
  artifactKey: Guid(18eb01f5ad669b547bc64260f59e6917) Importer(815301076,1909f56bfc062723c751e8b465ee728b)
Start importing Assets/Scripts/MenuManager.cs using Guid(18eb01f5ad669b547bc64260f59e6917) Importer(815301076,1909f56bfc062723c751e8b465ee728b)  -> (artifact id: '5c6304bdeef4cbd4c3ce2c0f3fde8c66') in 0.002476 seconds 
  Import took 0.005866 seconds .

========================================================================
Received Prepare
Registering precompiled user dll's ...
Registered in 0.005288 seconds.
Begin MonoManager ReloadAssembly
Native extension for WindowsStandalone target not found
Refreshing native plugins compatible for Editor in 0.47 ms, found 3 plugins.
Preloading 0 native plugins for Editor in 0.00 ms.
Mono: successfully reloaded assembly
- Completed reload, in  1.022 seconds
Platform modules already initialized, skipping
Refreshing native plugins compatible for Editor in 0.47 ms, found 3 plugins.
Preloading 0 native plugins for Editor in 0.00 ms.
Unloading 2096 Unused Serialized files (Serialized files now loaded: 0)
System memory in use before: 94.0 MB.
System memory in use after: 93.9 MB.

Unloading 21 unused Assets to reduce memory usage. Loaded Objects now: 2596.
Total: 2.229500 ms (FindLiveObjects: 0.209500 ms CreateObjectMapping: 0.049100 ms MarkObjects: 1.854400 ms  DeleteObjects: 0.114700 ms)

AssetImportParameters requested are different than current active one (requested -> active):
  custom:framework-win-MediaFoundation: 216162199b28c13a410421893ffa2e32 -> 
  custom:video-decoder-ogg-theora: a1e56fd34408186e4bbccfd4996cb3dc -> 
  custom:container-muxer-webm: aa71ff27fc2769a1b78a27578f13a17b -> 
  custom:container-demuxer-webm: 4f35f7cbe854078d1ac9338744f61a02 -> 
  custom:container-demuxer-ogg: 62fdf1f143b41e24485cea50d1cbac27 -> 
  custom:video-encoder-webm-vp8: eb34c28f22e8b96e1ab97ce403110664 -> 
  custom:video-decoder-webm-vp8: 9c59270c3fd7afecdb556c50c9e8de78 -> 
  custom:audio-decoder-ogg-vorbis: bf7c407c2cedff20999df2af8eb42d56 -> 
  custom:audio-encoder-webm-vorbis: bf7c407c2cedff20999df2af8eb42d56 -> 
========================================================================
Received Prepare
Registering precompiled user dll's ...
Registered in 0.005316 seconds.
Begin MonoManager ReloadAssembly
Native extension for WindowsStandalone target not found
Refreshing native plugins compatible for Editor in 0.48 ms, found 3 plugins.
Preloading 0 native plugins for Editor in 0.00 ms.
Mono: successfully reloaded assembly
- Completed reload, in  1.061 seconds
Platform modules already initialized, skipping
Refreshing native plugins compatible for Editor in 0.57 ms, found 3 plugins.
Preloading 0 native plugins for Editor in 0.00 ms.
Unloading 2095 Unused Serialized files (Serialized files now loaded: 0)
System memory in use before: 93.9 MB.
System memory in use after: 93.9 MB.

Unloading 22 unused Assets to reduce memory usage. Loaded Objects now: 2598.
Total: 2.370700 ms (FindLiveObjects: 0.217100 ms CreateObjectMapping: 0.049600 ms MarkObjects: 1.985900 ms  DeleteObjects: 0.116500 ms)

AssetImportParameters requested are different than current active one (requested -> active):
  custom:framework-win-MediaFoundation: 216162199b28c13a410421893ffa2e32 -> 
  custom:video-decoder-ogg-theora: a1e56fd34408186e4bbccfd4996cb3dc -> 
  custom:container-muxer-webm: aa71ff27fc2769a1b78a27578f13a17b -> 
  custom:container-demuxer-webm: 4f35f7cbe854078d1ac9338744f61a02 -> 
  custom:container-demuxer-ogg: 62fdf1f143b41e24485cea50d1cbac27 -> 
  custom:video-encoder-webm-vp8: eb34c28f22e8b96e1ab97ce403110664 -> 
  custom:video-decoder-webm-vp8: 9c59270c3fd7afecdb556c50c9e8de78 -> 
  custom:audio-decoder-ogg-vorbis: bf7c407c2cedff20999df2af8eb42d56 -> 
  custom:audio-encoder-webm-vorbis: bf7c407c2cedff20999df2af8eb42d56 -> 
========================================================================
Received Prepare
Registering precompiled user dll's ...
Registered in 0.005293 seconds.
Begin MonoManager ReloadAssembly
Native extension for WindowsStandalone target not found
Refreshing native plugins compatible for Editor in 0.46 ms, found 3 plugins.
Preloading 0 native plugins for Editor in 0.00 ms.
Mono: successfully reloaded assembly
- Completed reload, in  1.042 seconds
Platform modules already initialized, skipping
Refreshing native plugins compatible for Editor in 0.53 ms, found 3 plugins.
Preloading 0 native plugins for Editor in 0.00 ms.
Unloading 2095 Unused Serialized files (Serialized files now loaded: 0)
System memory in use before: 94.0 MB.
System memory in use after: 93.9 MB.

Unloading 21 unused Assets to reduce memory usage. Loaded Objects now: 2601.
Total: 2.248300 ms (FindLiveObjects: 0.206000 ms CreateObjectMapping: 0.050000 ms MarkObjects: 1.882900 ms  DeleteObjects: 0.108400 ms)

AssetImportParameters requested are different than current active one (requested -> active):
  custom:framework-win-MediaFoundation: 216162199b28c13a410421893ffa2e32 -> 
  custom:video-decoder-ogg-theora: a1e56fd34408186e4bbccfd4996cb3dc -> 
  custom:container-muxer-webm: aa71ff27fc2769a1b78a27578f13a17b -> 
  custom:container-demuxer-webm: 4f35f7cbe854078d1ac9338744f61a02 -> 
  custom:container-demuxer-ogg: 62fdf1f143b41e24485cea50d1cbac27 -> 
  custom:video-encoder-webm-vp8: eb34c28f22e8b96e1ab97ce403110664 -> 
  custom:video-decoder-webm-vp8: 9c59270c3fd7afecdb556c50c9e8de78 -> 
  custom:audio-decoder-ogg-vorbis: bf7c407c2cedff20999df2af8eb42d56 -> 
  custom:audio-encoder-webm-vorbis: bf7c407c2cedff20999df2af8eb42d56 -> 
========================================================================
Received Prepare
Registering precompiled user dll's ...
Registered in 0.005302 seconds.
Begin MonoManager ReloadAssembly
Native extension for WindowsStandalone target not found
Refreshing native plugins compatible for Editor in 0.49 ms, found 3 plugins.
Preloading 0 native plugins for Editor in 0.00 ms.
Mono: successfully reloaded assembly
- Completed reload, in  1.049 seconds
Platform modules already initialized, skipping
Refreshing native plugins compatible for Editor in 0.53 ms, found 3 plugins.
Preloading 0 native plugins for Editor in 0.00 ms.
Unloading 2095 Unused Serialized files (Serialized files now loaded: 0)
System memory in use before: 94.0 MB.
System memory in use after: 93.9 MB.

Unloading 21 unused Assets to reduce memory usage. Loaded Objects now: 2604.
Total: 2.177300 ms (FindLiveObjects: 0.199600 ms CreateObjectMapping: 0.048600 ms MarkObjects: 1.820100 ms  DeleteObjects: 0.108100 ms)

AssetImportParameters requested are different than current active one (requested -> active):
  custom:framework-win-MediaFoundation: 216162199b28c13a410421893ffa2e32 -> 
  custom:video-decoder-ogg-theora: a1e56fd34408186e4bbccfd4996cb3dc -> 
  custom:container-muxer-webm: aa71ff27fc2769a1b78a27578f13a17b -> 
  custom:container-demuxer-webm: 4f35f7cbe854078d1ac9338744f61a02 -> 
  custom:container-demuxer-ogg: 62fdf1f143b41e24485cea50d1cbac27 -> 
  custom:video-encoder-webm-vp8: eb34c28f22e8b96e1ab97ce403110664 -> 
  custom:video-decoder-webm-vp8: 9c59270c3fd7afecdb556c50c9e8de78 -> 
  custom:audio-decoder-ogg-vorbis: bf7c407c2cedff20999df2af8eb42d56 -> 
  custom:audio-encoder-webm-vorbis: bf7c407c2cedff20999df2af8eb42d56 -> 
========================================================================
Received Prepare
Registering precompiled user dll's ...
Registered in 0.005457 seconds.
Begin MonoManager ReloadAssembly
Native extension for WindowsStandalone target not found
Refreshing native plugins compatible for Editor in 0.77 ms, found 3 plugins.
Preloading 0 native plugins for Editor in 0.00 ms.
Mono: successfully reloaded assembly
- Completed reload, in  1.037 seconds
Platform modules already initialized, skipping
Refreshing native plugins compatible for Editor in 0.51 ms, found 3 plugins.
Preloading 0 native plugins for Editor in 0.00 ms.
Unloading 2095 Unused Serialized files (Serialized files now loaded: 0)
System memory in use before: 94.0 MB.
System memory in use after: 94.0 MB.

Unloading 21 unused Assets to reduce memory usage. Loaded Objects now: 2607.
Total: 2.258900 ms (FindLiveObjects: 0.204300 ms CreateObjectMapping: 0.049500 ms MarkObjects: 1.889500 ms  DeleteObjects: 0.114300 ms)

AssetImportParameters requested are different than current active one (requested -> active):
  custom:framework-win-MediaFoundation: 216162199b28c13a410421893ffa2e32 -> 
  custom:video-decoder-ogg-theora: a1e56fd34408186e4bbccfd4996cb3dc -> 
  custom:container-muxer-webm: aa71ff27fc2769a1b78a27578f13a17b -> 
  custom:container-demuxer-webm: 4f35f7cbe854078d1ac9338744f61a02 -> 
  custom:container-demuxer-ogg: 62fdf1f143b41e24485cea50d1cbac27 -> 
  custom:video-encoder-webm-vp8: eb34c28f22e8b96e1ab97ce403110664 -> 
  custom:video-decoder-webm-vp8: 9c59270c3fd7afecdb556c50c9e8de78 -> 
  custom:audio-decoder-ogg-vorbis: bf7c407c2cedff20999df2af8eb42d56 -> 
  custom:audio-encoder-webm-vorbis: bf7c407c2cedff20999df2af8eb42d56 -> 
========================================================================
Received Prepare
Registering precompiled user dll's ...
Registered in 0.005298 seconds.
Begin MonoManager ReloadAssembly
Native extension for WindowsStandalone target not found
Refreshing native plugins compatible for Editor in 0.48 ms, found 3 plugins.
Preloading 0 native plugins for Editor in 0.00 ms.
Mono: successfully reloaded assembly
- Completed reload, in  1.055 seconds
Platform modules already initialized, skipping
Refreshing native plugins compatible for Editor in 0.51 ms, found 3 plugins.
Preloading 0 native plugins for Editor in 0.00 ms.
Unloading 2095 Unused Serialized files (Serialized files now loaded: 0)
System memory in use before: 94.0 MB.
System memory in use after: 94.0 MB.

Unloading 21 unused Assets to reduce memory usage. Loaded Objects now: 2610.
Total: 2.181700 ms (FindLiveObjects: 0.197200 ms CreateObjectMapping: 0.047600 ms MarkObjects: 1.823200 ms  DeleteObjects: 0.112600 ms)

AssetImportParameters requested are different than current active one (requested -> active):
  custom:framework-win-MediaFoundation: 216162199b28c13a410421893ffa2e32 -> 
  custom:video-decoder-ogg-theora: a1e56fd34408186e4bbccfd4996cb3dc -> 
  custom:container-muxer-webm: aa71ff27fc2769a1b78a27578f13a17b -> 
  custom:container-demuxer-webm: 4f35f7cbe854078d1ac9338744f61a02 -> 
  custom:container-demuxer-ogg: 62fdf1f143b41e24485cea50d1cbac27 -> 
  custom:video-encoder-webm-vp8: eb34c28f22e8b96e1ab97ce403110664 -> 
  custom:video-decoder-webm-vp8: 9c59270c3fd7afecdb556c50c9e8de78 -> 
  custom:audio-decoder-ogg-vorbis: bf7c407c2cedff20999df2af8eb42d56 -> 
  custom:audio-encoder-webm-vorbis: bf7c407c2cedff20999df2af8eb42d56 -> 
========================================================================
Received Import Request.
  Time since last request: 435.685044 seconds.
  path: Assets/Scripts/RandomBot.cs
  artifactKey: Guid(cfe223068d6db1e40bcb8624fa65ba6e) Importer(815301076,1909f56bfc062723c751e8b465ee728b)
Start importing Assets/Scripts/RandomBot.cs using Guid(cfe223068d6db1e40bcb8624fa65ba6e) Importer(815301076,1909f56bfc062723c751e8b465ee728b)  -> (artifact id: 'efb1bec0ad0d2c02b8298cd2c3d188a8') in 0.006032 seconds 
  Import took 0.009331 seconds .

========================================================================
Received Prepare
Registering precompiled user dll's ...
Registered in 0.005269 seconds.
Begin MonoManager ReloadAssembly
Native extension for WindowsStandalone target not found
Refreshing native plugins compatible for Editor in 0.48 ms, found 3 plugins.
Preloading 0 native plugins for Editor in 0.00 ms.
Mono: successfully reloaded assembly
- Completed reload, in  1.105 seconds
Platform modules already initialized, skipping
Refreshing native plugins compatible for Editor in 0.51 ms, found 3 plugins.
Preloading 0 native plugins for Editor in 0.00 ms.
Unloading 2096 Unused Serialized files (Serialized files now loaded: 0)
System memory in use before: 94.0 MB.
System memory in use after: 94.0 MB.

Unloading 21 unused Assets to reduce memory usage. Loaded Objects now: 2614.
Total: 2.219000 ms (FindLiveObjects: 0.199400 ms CreateObjectMapping: 0.049900 ms MarkObjects: 1.860500 ms  DeleteObjects: 0.108400 ms)

AssetImportParameters requested are different than current active one (requested -> active):
  custom:framework-win-MediaFoundation: 216162199b28c13a410421893ffa2e32 -> 
  custom:video-decoder-ogg-theora: a1e56fd34408186e4bbccfd4996cb3dc -> 
  custom:container-muxer-webm: aa71ff27fc2769a1b78a27578f13a17b -> 
  custom:container-demuxer-webm: 4f35f7cbe854078d1ac9338744f61a02 -> 
  custom:container-demuxer-ogg: 62fdf1f143b41e24485cea50d1cbac27 -> 
  custom:video-encoder-webm-vp8: eb34c28f22e8b96e1ab97ce403110664 -> 
  custom:video-decoder-webm-vp8: 9c59270c3fd7afecdb556c50c9e8de78 -> 
  custom:audio-decoder-ogg-vorbis: bf7c407c2cedff20999df2af8eb42d56 -> 
  custom:audio-encoder-webm-vorbis: bf7c407c2cedff20999df2af8eb42d56 -> 
========================================================================
Received Import Request.
  Time since last request: 103.078957 seconds.
  path: Assets/Scripts/Round States
  artifactKey: Guid(728b4acf6d35e544da2dd762e8e25b60) Importer(815301076,1909f56bfc062723c751e8b465ee728b)
Start importing Assets/Scripts/Round States using Guid(728b4acf6d35e544da2dd762e8e25b60) Importer(815301076,1909f56bfc062723c751e8b465ee728b)  -> (artifact id: '5d1c48d8bcb78aafc6f43e466f958720') in 0.006153 seconds 
  Import took 0.009466 seconds .

========================================================================
Received Prepare
Registering precompiled user dll's ...
Registered in 0.005657 seconds.
Begin MonoManager ReloadAssembly
Native extension for WindowsStandalone target not found
Refreshing native plugins compatible for Editor in 0.49 ms, found 3 plugins.
Preloading 0 native plugins for Editor in 0.00 ms.
Mono: successfully reloaded assembly
- Completed reload, in  1.067 seconds
Platform modules already initialized, skipping
Refreshing native plugins compatible for Editor in 0.62 ms, found 3 plugins.
Preloading 0 native plugins for Editor in 0.00 ms.
Unloading 2096 Unused Serialized files (Serialized files now loaded: 0)
System memory in use before: 94.0 MB.
System memory in use after: 94.0 MB.

Unloading 21 unused Assets to reduce memory usage. Loaded Objects now: 2617.
Total: 2.230200 ms (FindLiveObjects: 0.197800 ms CreateObjectMapping: 0.050800 ms MarkObjects: 1.868400 ms  DeleteObjects: 0.112200 ms)

AssetImportParameters requested are different than current active one (requested -> active):
  custom:framework-win-MediaFoundation: 216162199b28c13a410421893ffa2e32 -> 
  custom:video-decoder-ogg-theora: a1e56fd34408186e4bbccfd4996cb3dc -> 
  custom:container-muxer-webm: aa71ff27fc2769a1b78a27578f13a17b -> 
  custom:container-demuxer-webm: 4f35f7cbe854078d1ac9338744f61a02 -> 
  custom:container-demuxer-ogg: 62fdf1f143b41e24485cea50d1cbac27 -> 
  custom:video-encoder-webm-vp8: eb34c28f22e8b96e1ab97ce403110664 -> 
  custom:video-decoder-webm-vp8: 9c59270c3fd7afecdb556c50c9e8de78 -> 
  custom:audio-decoder-ogg-vorbis: bf7c407c2cedff20999df2af8eb42d56 -> 
  custom:audio-encoder-webm-vorbis: bf7c407c2cedff20999df2af8eb42d56 -> 
AssetImportWorkerClient::OnTransportError - code=2 error=End of file
