Using pre-set license
Built from '2020.3/release' branch; Version is '2020.3.12f1 (b3b2c6512326) revision 11776710'; Using compiler version '192528614'; Build Type 'Release'
OS: 'Windows 10 Home; OS build 19043.1110; Version 2009; 64bit' Language: 'it' Physical Memory: 6082 MB
BatchMode: 1, IsHumanControllingUs: 0, StartBugReporterOnCrash: 0, Is64bit: 1, IsPro: 0

 COMMAND LINE ARGUMENTS:
C:\Program Files\Unity\Hub\Editor\2020.3.12f1\Editor\Unity.exe
-adb2
-batchMode
-noUpm
-name
AssetImportWorker0
-projectPath
C:/Users/alvif/Documents/Projects/Unity/Briscola
-logFile
Logs/AssetImportWorker0.log
-srvPort
61158
Successfully changed project path to: C:/Users/alvif/Documents/Projects/Unity/Briscola
C:/Users/alvif/Documents/Projects/Unity/Briscola
Using Asset Import Pipeline V2.
Refreshing native plugins compatible for Editor in 94.67 ms, found 3 plugins.
Preloading 0 native plugins for Editor in 0.00 ms.
Initialize engine version: 2020.3.12f1 (b3b2c6512326)
[Subsystems] Discovering subsystems at path C:/Program Files/Unity/Hub/Editor/2020.3.12f1/Editor/Data/Resources/UnitySubsystems
[Subsystems] Discovering subsystems at path C:/Users/alvif/Documents/Projects/Unity/Briscola/Assets
GfxDevice: creating device client; threaded=0
Direct3D:
    Version:  Direct3D 11.0 [level 11.1]
    Renderer: AMD Radeon(TM) Vega 3 Graphics (ID=0x15d8)
    Vendor:   
    VRAM:     3041 MB
    Driver:   27.20.1028.1
Initialize mono
Mono path[0] = 'C:/Program Files/Unity/Hub/Editor/2020.3.12f1/Editor/Data/Managed'
Mono path[1] = 'C:/Program Files/Unity/Hub/Editor/2020.3.12f1/Editor/Data/MonoBleedingEdge/lib/mono/unityjit'
Mono config path = 'C:/Program Files/Unity/Hub/Editor/2020.3.12f1/Editor/Data/MonoBleedingEdge/etc'
Using monoOptions --debugger-agent=transport=dt_socket,embedding=1,server=y,suspend=n,address=127.0.0.1:56628
Begin MonoManager ReloadAssembly
Registering precompiled unity dll's ...
Register platform support module: C:/Program Files/Unity/Hub/Editor/2020.3.12f1/Editor/Data/PlaybackEngines/WindowsStandaloneSupport/UnityEditor.WindowsStandalone.Extensions.dll
Registered in 0.005485 seconds.
Native extension for WindowsStandalone target not found
Refreshing native plugins compatible for Editor in 96.87 ms, found 3 plugins.
Preloading 0 native plugins for Editor in 0.00 ms.
Mono: successfully reloaded assembly
- Completed reload, in  3.244 seconds
Platform modules already initialized, skipping
Registering precompiled user dll's ...
Registered in 0.013799 seconds.
Begin MonoManager ReloadAssembly
Native extension for WindowsStandalone target not found
Refreshing native plugins compatible for Editor in 86.05 ms, found 3 plugins.
Preloading 0 native plugins for Editor in 0.00 ms.
Mono: successfully reloaded assembly
- Completed reload, in  2.571 seconds
Platform modules already initialized, skipping
========================================================================
Worker process is ready to serve import requests
Launched and connected shader compiler UnityShaderCompiler.exe after 0.11 seconds
Refreshing native plugins compatible for Editor in 1.26 ms, found 3 plugins.
Preloading 0 native plugins for Editor in 0.00 ms.
Unloading 2080 Unused Serialized files (Serialized files now loaded: 0)
System memory in use before: 93.0 MB.
System memory in use after: 92.9 MB.

Unloading 33 unused Assets to reduce memory usage. Loaded Objects now: 2514.
Total: 6.570700 ms (FindLiveObjects: 0.515300 ms CreateObjectMapping: 0.096600 ms MarkObjects: 5.590000 ms  DeleteObjects: 0.365700 ms)

AssetImportParameters requested are different than current active one (requested -> active):
  custom:framework-win-MediaFoundation: 216162199b28c13a410421893ffa2e32 -> 
  custom:video-decoder-ogg-theora: a1e56fd34408186e4bbccfd4996cb3dc -> 
  custom:container-muxer-webm: aa71ff27fc2769a1b78a27578f13a17b -> 
  custom:container-demuxer-webm: 4f35f7cbe854078d1ac9338744f61a02 -> 
  custom:container-demuxer-ogg: 62fdf1f143b41e24485cea50d1cbac27 -> 
  custom:video-encoder-webm-vp8: eb34c28f22e8b96e1ab97ce403110664 -> 
  custom:video-decoder-webm-vp8: 9c59270c3fd7afecdb556c50c9e8de78 -> 
  custom:audio-decoder-ogg-vorbis: bf7c407c2cedff20999df2af8eb42d56 -> 
  custom:audio-encoder-webm-vorbis: bf7c407c2cedff20999df2af8eb42d56 -> 
========================================================================
Received Import Request.
  path: Assets/carta.fbx
  artifactKey: Guid(ffa7aa4b25b96c8468508d78e3f7d383) Importer(815301076,1909f56bfc062723c751e8b465ee728b)
Start importing Assets/carta.fbx using Guid(ffa7aa4b25b96c8468508d78e3f7d383) Importer(815301076,1909f56bfc062723c751e8b465ee728b)  -> (artifact id: '38af1789bf4f760280ae8e552a7bcf32') in 0.416551 seconds 
  Import took 0.426152 seconds .

========================================================================
Received Import Request.
  Time since last request: 15.344526 seconds.
  path: Assets/carta.fbx
  artifactKey: Guid(ffa7aa4b25b96c8468508d78e3f7d383) Importer(815301076,1909f56bfc062723c751e8b465ee728b)
Start importing Assets/carta.fbx using Guid(ffa7aa4b25b96c8468508d78e3f7d383) Importer(815301076,1909f56bfc062723c751e8b465ee728b)  -> (artifact id: '0cd37327d163c6f13a3f463e9f20625a') in 0.072945 seconds 
  Import took 0.112109 seconds .

========================================================================
Received Import Request.
  Time since last request: 0.000707 seconds.
  path: Assets/CartaTexture2.png
  artifactKey: Guid(ff04f7d543c8d564aa654503703f0e72) Importer(815301076,1909f56bfc062723c751e8b465ee728b)
Start importing Assets/CartaTexture2.png using Guid(ff04f7d543c8d564aa654503703f0e72) Importer(815301076,1909f56bfc062723c751e8b465ee728b)  -> (artifact id: '5abcceae03eb2b4d0c3c8516559572ff') in 0.106864 seconds 
  Import took 0.116979 seconds .

========================================================================
Received Import Request.
  Time since last request: 0.008368 seconds.
  path: Assets/CartaTexture2.png
  artifactKey: Guid(ff04f7d543c8d564aa654503703f0e72) Importer(815301076,1909f56bfc062723c751e8b465ee728b)
Start importing Assets/CartaTexture2.png using Guid(ff04f7d543c8d564aa654503703f0e72) Importer(815301076,1909f56bfc062723c751e8b465ee728b)  -> (artifact id: '5abcceae03eb2b4d0c3c8516559572ff') in 0.037734 seconds 
  Import took 0.046549 seconds .

========================================================================
Received Import Request.
  Time since last request: 3374.375506 seconds.
  path: Assets/Carta.fbx
  artifactKey: Guid(ffa7aa4b25b96c8468508d78e3f7d383) Importer(815301076,1909f56bfc062723c751e8b465ee728b)
Start importing Assets/Carta.fbx using Guid(ffa7aa4b25b96c8468508d78e3f7d383) Importer(815301076,1909f56bfc062723c751e8b465ee728b)  -> (artifact id: 'c0d262e30bb8b1ee9fdda0a33728d0dc') in 0.642268 seconds 
  Import took 0.831294 seconds .

========================================================================
Received Import Request.
  Time since last request: 100.515584 seconds.
  path: Assets/Carta.fbx
  artifactKey: Guid(ffa7aa4b25b96c8468508d78e3f7d383) Importer(815301076,1909f56bfc062723c751e8b465ee728b)
Start importing Assets/Carta.fbx using Guid(ffa7aa4b25b96c8468508d78e3f7d383) Importer(815301076,1909f56bfc062723c751e8b465ee728b)  -> (artifact id: 'fc5889ee7bb200798a87a80422bffe51') in 0.118532 seconds 
  Import took 0.126965 seconds .

========================================================================
Received Import Request.
  Time since last request: 4.609533 seconds.
  path: Assets/Models
  artifactKey: Guid(33d9c2031f3d3cc4493fbea8a12bd87e) Importer(815301076,1909f56bfc062723c751e8b465ee728b)
Start importing Assets/Models using Guid(33d9c2031f3d3cc4493fbea8a12bd87e) Importer(815301076,1909f56bfc062723c751e8b465ee728b)  -> (artifact id: '6658b799d1b2c81a7f4daeb90d29a538') in 0.017534 seconds 
  Import took 0.035792 seconds .

========================================================================
Received Import Request.
  Time since last request: 6.863462 seconds.
  path: Assets/Models/Card.fbx
  artifactKey: Guid(ffa7aa4b25b96c8468508d78e3f7d383) Importer(815301076,1909f56bfc062723c751e8b465ee728b)
Start importing Assets/Models/Card.fbx using Guid(ffa7aa4b25b96c8468508d78e3f7d383) Importer(815301076,1909f56bfc062723c751e8b465ee728b)  -> (artifact id: '9174b3f3720a3245c67372fa5ffb1955') in 0.064278 seconds 
  Import took 0.073901 seconds .

========================================================================
Received Import Request.
  Time since last request: 22.080310 seconds.
  path: Assets/Materials
  artifactKey: Guid(35fdf6e8813d3b74389417b139a2f827) Importer(815301076,1909f56bfc062723c751e8b465ee728b)
Start importing Assets/Materials using Guid(35fdf6e8813d3b74389417b139a2f827) Importer(815301076,1909f56bfc062723c751e8b465ee728b)  -> (artifact id: 'ae5f5445bc408515a28741358ea82f4f') in 0.013096 seconds 
  Import took 0.022522 seconds .

========================================================================
Received Import Request.
  Time since last request: 0.078332 seconds.
  path: Assets/Materials/Background.mat
  artifactKey: Guid(2b8d93f92e5a4584da2b719dea34fb82) Importer(815301076,1909f56bfc062723c751e8b465ee728b)
Start importing Assets/Materials/Background.mat using Guid(2b8d93f92e5a4584da2b719dea34fb82) Importer(815301076,1909f56bfc062723c751e8b465ee728b)  -> (artifact id: 'b9d8d5a86e962ea313594b1851c7889e') in 0.105845 seconds 
  Import took 0.116054 seconds .

========================================================================
Received Import Request.
  Time since last request: 0.000465 seconds.
  path: Assets/Materials/Wood.mat
  artifactKey: Guid(a94fbd22f17230342bcf730da48d1f57) Importer(815301076,1909f56bfc062723c751e8b465ee728b)
Start importing Assets/Materials/Wood.mat using Guid(a94fbd22f17230342bcf730da48d1f57) Importer(815301076,1909f56bfc062723c751e8b465ee728b)  -> (artifact id: '86c6a21bb6d7c827b168fb31e378db01') in 0.032064 seconds 
  Import took 0.041779 seconds .

========================================================================
Received Import Request.
  Time since last request: 0.000545 seconds.
  path: Assets/Materials/CartaTexture2.mat
  artifactKey: Guid(7bb9dfc2609921148998be8962766773) Importer(815301076,1909f56bfc062723c751e8b465ee728b)
Start importing Assets/Materials/CartaTexture2.mat using Guid(7bb9dfc2609921148998be8962766773) Importer(815301076,1909f56bfc062723c751e8b465ee728b)  -> (artifact id: '56bb380dad432b57f0f7632b17c108ef') in 0.034107 seconds 
  Import took 0.043178 seconds .

========================================================================
Received Import Request.
  Time since last request: 16.687114 seconds.
  path: Assets/Materials/Carte
  artifactKey: Guid(3c926f1627e933f448af8f299ceb702d) Importer(815301076,1909f56bfc062723c751e8b465ee728b)
Start importing Assets/Materials/Carte using Guid(3c926f1627e933f448af8f299ceb702d) Importer(815301076,1909f56bfc062723c751e8b465ee728b)  -> (artifact id: '6413d6d54f75f90a9a7207e254508704') in 0.024734 seconds 
  Import took 0.036254 seconds .

========================================================================
Received Import Request.
  Time since last request: 2.408026 seconds.
  path: Assets/Materials/Cards
  artifactKey: Guid(3c926f1627e933f448af8f299ceb702d) Importer(815301076,1909f56bfc062723c751e8b465ee728b)
Start importing Assets/Materials/Cards using Guid(3c926f1627e933f448af8f299ceb702d) Importer(815301076,1909f56bfc062723c751e8b465ee728b)  -> (artifact id: '3578afd231ad45ddebde153e0e1c25fe') in 0.011423 seconds 
  Import took 0.020698 seconds .

========================================================================
Received Import Request.
  Time since last request: 4.314349 seconds.
  path: Assets/Materials/Cards/Napoletane
  artifactKey: Guid(8dd70457435a36d4485d46879a676fd5) Importer(815301076,1909f56bfc062723c751e8b465ee728b)
Start importing Assets/Materials/Cards/Napoletane using Guid(8dd70457435a36d4485d46879a676fd5) Importer(815301076,1909f56bfc062723c751e8b465ee728b)  -> (artifact id: 'b960371987698d2739dd9e67559c31f5') in 0.012971 seconds 
  Import took 0.021407 seconds .

========================================================================
Received Import Request.
  Time since last request: 11.624656 seconds.
  path: Assets/Materials/Cards/Napoletane/1 bastoni.mat
  artifactKey: Guid(7720fa720ee5f484a98178fe5e8c8a5c) Importer(815301076,1909f56bfc062723c751e8b465ee728b)
Start importing Assets/Materials/Cards/Napoletane/1 bastoni.mat using Guid(7720fa720ee5f484a98178fe5e8c8a5c) Importer(815301076,1909f56bfc062723c751e8b465ee728b)  -> (artifact id: '5d77e0b4fcc53e21d43158651185ba2f') in 0.036332 seconds 
  Import took 0.045755 seconds .

========================================================================
Received Import Request.
  Time since last request: 13.262068 seconds.
  path: Assets/Materials/Cards/Napoletane/Bastoni 1.mat
  artifactKey: Guid(7720fa720ee5f484a98178fe5e8c8a5c) Importer(815301076,1909f56bfc062723c751e8b465ee728b)
Start importing Assets/Materials/Cards/Napoletane/Bastoni 1.mat using Guid(7720fa720ee5f484a98178fe5e8c8a5c) Importer(815301076,1909f56bfc062723c751e8b465ee728b)  -> (artifact id: 'ed905582f3ec44dd9622b424106f2fbd') in 0.033300 seconds 
  Import took 0.042034 seconds .

========================================================================
Received Import Request.
  Time since last request: 11.423068 seconds.
  path: Assets/Materials/Cards/Napoletane/Retro.mat
  artifactKey: Guid(4defc2c1b174b9c4d98b0fc3363e1a7d) Importer(815301076,1909f56bfc062723c751e8b465ee728b)
Start importing Assets/Materials/Cards/Napoletane/Retro.mat using Guid(4defc2c1b174b9c4d98b0fc3363e1a7d) Importer(815301076,1909f56bfc062723c751e8b465ee728b)  -> (artifact id: '4d772c7b788e8b18147b6089554079e7') in 0.032812 seconds 
  Import took 0.043834 seconds .

========================================================================
Received Import Request.
  Time since last request: 11.954521 seconds.
  path: Assets/Textures/Cards/Napoletane/Retro.png
  artifactKey: Guid(f3d8fed334b252247b8fa168f0f89082) Importer(815301076,1909f56bfc062723c751e8b465ee728b)
Start importing Assets/Textures/Cards/Napoletane/Retro.png using Guid(f3d8fed334b252247b8fa168f0f89082) Importer(815301076,1909f56bfc062723c751e8b465ee728b)  -> (artifact id: '02fe63b5667ae126fa93f9170ca93984') in 0.075549 seconds 
  Import took 0.092818 seconds .

========================================================================
Received Import Request.
  Time since last request: 26.012889 seconds.
  path: Assets/Prefabs
  artifactKey: Guid(24c112e99789b2243adfe968c6fb181c) Importer(815301076,1909f56bfc062723c751e8b465ee728b)
Start importing Assets/Prefabs using Guid(24c112e99789b2243adfe968c6fb181c) Importer(815301076,1909f56bfc062723c751e8b465ee728b)  -> (artifact id: '37947e0fc14f63b807940baf34987790') in 0.012260 seconds 
  Import took 0.021132 seconds .

========================================================================
Received Import Request.
  Time since last request: 4.139672 seconds.
  path: Assets/Prefabs/Carte
  artifactKey: Guid(db3e745844ca6194dbece40748a32f16) Importer(815301076,1909f56bfc062723c751e8b465ee728b)
Start importing Assets/Prefabs/Carte using Guid(db3e745844ca6194dbece40748a32f16) Importer(815301076,1909f56bfc062723c751e8b465ee728b)  -> (artifact id: '00b2413e188451228f59778b1269e0bb') in 0.013149 seconds 
  Import took 0.022966 seconds .

========================================================================
Received Import Request.
  Time since last request: 4.304359 seconds.
  path: Assets/Prefabs/Cards
  artifactKey: Guid(db3e745844ca6194dbece40748a32f16) Importer(815301076,1909f56bfc062723c751e8b465ee728b)
Start importing Assets/Prefabs/Cards using Guid(db3e745844ca6194dbece40748a32f16) Importer(815301076,1909f56bfc062723c751e8b465ee728b)  -> (artifact id: 'd74561233959dc10d9944c02b3745f9a') in 0.018016 seconds 
  Import took 0.045070 seconds .

========================================================================
Received Import Request.
  Time since last request: 4.633763 seconds.
  path: Assets/Prefabs/Cards/Napoletane
  artifactKey: Guid(cde8f0dbec23f474d8972659e8269404) Importer(815301076,1909f56bfc062723c751e8b465ee728b)
Start importing Assets/Prefabs/Cards/Napoletane using Guid(cde8f0dbec23f474d8972659e8269404) Importer(815301076,1909f56bfc062723c751e8b465ee728b)  -> (artifact id: '04a8476bfd0655f3120f964ec01e0d5b') in 0.014105 seconds 
  Import took 0.031891 seconds .

========================================================================
Received Import Request.
  Time since last request: 16.307126 seconds.
  path: Assets/Models/Card.fbx
  artifactKey: Guid(ffa7aa4b25b96c8468508d78e3f7d383) Importer(815301076,1909f56bfc062723c751e8b465ee728b)
Start importing Assets/Models/Card.fbx using Guid(ffa7aa4b25b96c8468508d78e3f7d383) Importer(815301076,1909f56bfc062723c751e8b465ee728b)  -> (artifact id: 'b7f36bf72b83ea028d9481c444c4b99d') in 0.078921 seconds 
  Import took 0.089847 seconds .

========================================================================
Received Import Request.
  Time since last request: 133.065171 seconds.
  path: Assets/Models/Card.fbx
  artifactKey: Guid(ffa7aa4b25b96c8468508d78e3f7d383) Importer(815301076,1909f56bfc062723c751e8b465ee728b)
Start importing Assets/Models/Card.fbx using Guid(ffa7aa4b25b96c8468508d78e3f7d383) Importer(815301076,1909f56bfc062723c751e8b465ee728b)  -> (artifact id: 'b88d2e7cb04e1b88b352d1e348f4f170') in 0.052302 seconds 
  Import took 0.080240 seconds .

========================================================================
Received Import Request.
  Time since last request: 7.659638 seconds.
  path: Assets/Models/Card.fbx
  artifactKey: Guid(ffa7aa4b25b96c8468508d78e3f7d383) Importer(815301076,1909f56bfc062723c751e8b465ee728b)
Start importing Assets/Models/Card.fbx using Guid(ffa7aa4b25b96c8468508d78e3f7d383) Importer(815301076,1909f56bfc062723c751e8b465ee728b)  -> (artifact id: 'd89a09047ee0047c57ccf32c04900a57') in 0.059589 seconds 
  Import took 0.069714 seconds .

========================================================================
Received Import Request.
  Time since last request: 0.022921 seconds.
  path: Assets/Models/Card.fbx
  artifactKey: Guid(ffa7aa4b25b96c8468508d78e3f7d383) Importer(815301076,1909f56bfc062723c751e8b465ee728b)
Start importing Assets/Models/Card.fbx using Guid(ffa7aa4b25b96c8468508d78e3f7d383) Importer(815301076,1909f56bfc062723c751e8b465ee728b)  -> (artifact id: 'd89a09047ee0047c57ccf32c04900a57') in 0.050547 seconds 
  Import took 0.059481 seconds .

========================================================================
Received Import Request.
  Time since last request: 6.323565 seconds.
  path: Assets/Models/Card.fbx
  artifactKey: Guid(ffa7aa4b25b96c8468508d78e3f7d383) Importer(815301076,1909f56bfc062723c751e8b465ee728b)
Start importing Assets/Models/Card.fbx using Guid(ffa7aa4b25b96c8468508d78e3f7d383) Importer(815301076,1909f56bfc062723c751e8b465ee728b)  -> (artifact id: 'f162fa7bbbf6cbb04e0b3177d1519956') in 0.093834 seconds 
  Import took 0.103342 seconds .

========================================================================
Received Import Request.
  Time since last request: 39.601175 seconds.
  path: Assets/Models/Card.fbx
  artifactKey: Guid(ffa7aa4b25b96c8468508d78e3f7d383) Importer(815301076,1909f56bfc062723c751e8b465ee728b)
Start importing Assets/Models/Card.fbx using Guid(ffa7aa4b25b96c8468508d78e3f7d383) Importer(815301076,1909f56bfc062723c751e8b465ee728b)  -> (artifact id: 'e4cf8afe6ee4bc5db8994753dac6f4ba') in 0.050955 seconds 
  Import took 0.058900 seconds .

========================================================================
Received Import Request.
  Time since last request: 0.027858 seconds.
  path: Assets/Models/Card.fbx
  artifactKey: Guid(ffa7aa4b25b96c8468508d78e3f7d383) Importer(815301076,1909f56bfc062723c751e8b465ee728b)
Start importing Assets/Models/Card.fbx using Guid(ffa7aa4b25b96c8468508d78e3f7d383) Importer(815301076,1909f56bfc062723c751e8b465ee728b)  -> (artifact id: 'e4cf8afe6ee4bc5db8994753dac6f4ba') in 0.055431 seconds 
  Import took 0.064958 seconds .

========================================================================
Received Import Request.
  Time since last request: 6.042769 seconds.
  path: Assets/Models/Card.fbx
  artifactKey: Guid(ffa7aa4b25b96c8468508d78e3f7d383) Importer(815301076,1909f56bfc062723c751e8b465ee728b)
Start importing Assets/Models/Card.fbx using Guid(ffa7aa4b25b96c8468508d78e3f7d383) Importer(815301076,1909f56bfc062723c751e8b465ee728b)  -> (artifact id: '1ea61cb0e4ad37fb18205a6ffa85f0ce') in 0.064967 seconds 
  Import took 0.076004 seconds .

========================================================================
Received Import Request.
  Time since last request: 0.003134 seconds.
  path: Assets/Models/Card.fbx
  artifactKey: Guid(ffa7aa4b25b96c8468508d78e3f7d383) Importer(815301076,1909f56bfc062723c751e8b465ee728b)
Start importing Assets/Models/Card.fbx using Guid(ffa7aa4b25b96c8468508d78e3f7d383) Importer(815301076,1909f56bfc062723c751e8b465ee728b)  -> (artifact id: '1ea61cb0e4ad37fb18205a6ffa85f0ce') in 0.057934 seconds 
  Import took 0.069809 seconds .

========================================================================
Received Import Request.
  Time since last request: 4.055428 seconds.
  path: Assets/Models/Card.fbx
  artifactKey: Guid(ffa7aa4b25b96c8468508d78e3f7d383) Importer(815301076,1909f56bfc062723c751e8b465ee728b)
Start importing Assets/Models/Card.fbx using Guid(ffa7aa4b25b96c8468508d78e3f7d383) Importer(815301076,1909f56bfc062723c751e8b465ee728b)  -> (artifact id: 'd088c7a543ed8cee129f4a7d89ee660f') in 0.055176 seconds 
  Import took 0.065094 seconds .

========================================================================
Received Import Request.
  Time since last request: 0.016860 seconds.
  path: Assets/Models/Card.fbx
  artifactKey: Guid(ffa7aa4b25b96c8468508d78e3f7d383) Importer(815301076,1909f56bfc062723c751e8b465ee728b)
Start importing Assets/Models/Card.fbx using Guid(ffa7aa4b25b96c8468508d78e3f7d383) Importer(815301076,1909f56bfc062723c751e8b465ee728b)  -> (artifact id: 'd088c7a543ed8cee129f4a7d89ee660f') in 0.062545 seconds 
  Import took 0.076440 seconds .

========================================================================
Received Import Request.
  Time since last request: 4.140792 seconds.
  path: Assets/Models/Card.fbx
  artifactKey: Guid(ffa7aa4b25b96c8468508d78e3f7d383) Importer(815301076,1909f56bfc062723c751e8b465ee728b)
Start importing Assets/Models/Card.fbx using Guid(ffa7aa4b25b96c8468508d78e3f7d383) Importer(815301076,1909f56bfc062723c751e8b465ee728b)  -> (artifact id: '2aab1f197b86c1753158f72960e6d4bd') in 0.045802 seconds 
  Import took 0.054631 seconds .

========================================================================
Received Import Request.
  Time since last request: 0.036650 seconds.
  path: Assets/Models/Card.fbx
  artifactKey: Guid(ffa7aa4b25b96c8468508d78e3f7d383) Importer(815301076,1909f56bfc062723c751e8b465ee728b)
Start importing Assets/Models/Card.fbx using Guid(ffa7aa4b25b96c8468508d78e3f7d383) Importer(815301076,1909f56bfc062723c751e8b465ee728b)  -> (artifact id: '2aab1f197b86c1753158f72960e6d4bd') in 0.050973 seconds 
  Import took 0.060122 seconds .

========================================================================
Received Import Request.
  Time since last request: 34.226996 seconds.
  path: Assets/Models/Card.fbx
  artifactKey: Guid(ffa7aa4b25b96c8468508d78e3f7d383) Importer(815301076,1909f56bfc062723c751e8b465ee728b)
Start importing Assets/Models/Card.fbx using Guid(ffa7aa4b25b96c8468508d78e3f7d383) Importer(815301076,1909f56bfc062723c751e8b465ee728b)  -> (artifact id: '8d086256c57c2ac8637ea43625e4def4') in 0.086687 seconds 
  Import took 0.099061 seconds .

========================================================================
Received Import Request.
  Time since last request: 0.001155 seconds.
  path: Assets/Models/Card.fbx
  artifactKey: Guid(ffa7aa4b25b96c8468508d78e3f7d383) Importer(815301076,1909f56bfc062723c751e8b465ee728b)
Start importing Assets/Models/Card.fbx using Guid(ffa7aa4b25b96c8468508d78e3f7d383) Importer(815301076,1909f56bfc062723c751e8b465ee728b)  -> (artifact id: '8d086256c57c2ac8637ea43625e4def4') in 0.065813 seconds 
  Import took 0.079093 seconds .

========================================================================
Received Import Request.
  Time since last request: 79.945198 seconds.
  path: Assets/Animations
  artifactKey: Guid(9cfc42724e8b8ae4d819839ea4a9da6e) Importer(815301076,1909f56bfc062723c751e8b465ee728b)
Start importing Assets/Animations using Guid(9cfc42724e8b8ae4d819839ea4a9da6e) Importer(815301076,1909f56bfc062723c751e8b465ee728b)  -> (artifact id: '75fb4696fa84ef66c52d6318d0fa25ad') in 0.035158 seconds 
  Import took 0.044865 seconds .

========================================================================
Received Import Request.
  Time since last request: 0.002604 seconds.
  path: Assets/Animations
  artifactKey: Guid(9cfc42724e8b8ae4d819839ea4a9da6e) Importer(815301076,1909f56bfc062723c751e8b465ee728b)
Start importing Assets/Animations using Guid(9cfc42724e8b8ae4d819839ea4a9da6e) Importer(815301076,1909f56bfc062723c751e8b465ee728b)  -> (artifact id: '75fb4696fa84ef66c52d6318d0fa25ad') in 0.008172 seconds 
  Import took 0.019238 seconds .

========================================================================
Received Import Request.
  Time since last request: 228.050318 seconds.
  path: Assets/Prefabs/Cards/Napoletane/Bastoni 1 Variant.prefab
  artifactKey: Guid(ad5ff881332d5ad4396429d9d7a6b780) Importer(815301076,1909f56bfc062723c751e8b465ee728b)
Start importing Assets/Prefabs/Cards/Napoletane/Bastoni 1 Variant.prefab using Guid(ad5ff881332d5ad4396429d9d7a6b780) Importer(815301076,1909f56bfc062723c751e8b465ee728b) The Animator Controller (Card) you have used is not valid. Animations will not play
UnityEngine.StackTraceUtility:ExtractStackTrace ()
UnityEditor.EditorUtility:Internal_InstantiateRemoveAllNonAnimationComponentsSingle (UnityEngine.Object,UnityEngine.Vector3,UnityEngine.Quaternion)
UnityEditor.EditorUtility:InstantiateRemoveAllNonAnimationComponents (UnityEngine.Object,UnityEngine.Vector3,UnityEngine.Quaternion)
UnityEditor.EditorUtility:InstantiateForAnimatorPreview (UnityEngine.Object)
UnityEditor.GameObjectInspector/PreviewData:UpdateGameObject (UnityEngine.Object)
UnityEditor.GameObjectInspector/PreviewData:.ctor (UnityEngine.Object)
UnityEditor.GameObjectInspector:GetPreviewData ()
UnityEditor.GameObjectInspector:RenderStaticPreview (string,UnityEngine.Object[],int,int)
UnityEditor.AssetPreviewUpdater:CreatePreviewForAsset (UnityEngine.Object,UnityEngine.Object[],string)

[C:\buildslave\unity\build\Modules/Animation/Director/AnimatorControllerPlayable.cpp line 333]

The Animator Controller (Card) you have used is not valid. Animations will not play
UnityEngine.StackTraceUtility:ExtractStackTrace ()
UnityEditor.EditorUtility:InitInstantiatedPreviewRecursive (UnityEngine.GameObject)
UnityEditor.EditorUtility:InstantiateForAnimatorPreview (UnityEngine.Object)
UnityEditor.GameObjectInspector/PreviewData:UpdateGameObject (UnityEngine.Object)
UnityEditor.GameObjectInspector/PreviewData:.ctor (UnityEngine.Object)
UnityEditor.GameObjectInspector:GetPreviewData ()
UnityEditor.GameObjectInspector:RenderStaticPreview (string,UnityEngine.Object[],int,int)
UnityEditor.AssetPreviewUpdater:CreatePreviewForAsset (UnityEngine.Object,UnityEngine.Object[],string)

[C:\buildslave\unity\build\Modules/Animation/Director/AnimatorControllerPlayable.cpp line 333]

 -> (artifact id: '0236cb174422287480a1bbbe084d447a') in 0.121599 seconds 
  Import took 0.131604 seconds .

========================================================================
Received Import Request.
  Time since last request: 0.005135 seconds.
  path: Assets/Prefabs/Cards/Napoletane/Bastoni 1 Variant.prefab
  artifactKey: Guid(ad5ff881332d5ad4396429d9d7a6b780) Importer(815301076,1909f56bfc062723c751e8b465ee728b)
Start importing Assets/Prefabs/Cards/Napoletane/Bastoni 1 Variant.prefab using Guid(ad5ff881332d5ad4396429d9d7a6b780) Importer(815301076,1909f56bfc062723c751e8b465ee728b) The Animator Controller (Card) you have used is not valid. Animations will not play
UnityEngine.StackTraceUtility:ExtractStackTrace ()
UnityEditor.EditorUtility:Internal_InstantiateRemoveAllNonAnimationComponentsSingle (UnityEngine.Object,UnityEngine.Vector3,UnityEngine.Quaternion)
UnityEditor.EditorUtility:InstantiateRemoveAllNonAnimationComponents (UnityEngine.Object,UnityEngine.Vector3,UnityEngine.Quaternion)
UnityEditor.EditorUtility:InstantiateForAnimatorPreview (UnityEngine.Object)
UnityEditor.GameObjectInspector/PreviewData:UpdateGameObject (UnityEngine.Object)
UnityEditor.GameObjectInspector/PreviewData:.ctor (UnityEngine.Object)
UnityEditor.GameObjectInspector:GetPreviewData ()
UnityEditor.GameObjectInspector:RenderStaticPreview (string,UnityEngine.Object[],int,int)
UnityEditor.AssetPreviewUpdater:CreatePreviewForAsset (UnityEngine.Object,UnityEngine.Object[],string)

[C:\buildslave\unity\build\Modules/Animation/Director/AnimatorControllerPlayable.cpp line 333]

The Animator Controller (Card) you have used is not valid. Animations will not play
UnityEngine.StackTraceUtility:ExtractStackTrace ()
UnityEditor.EditorUtility:InitInstantiatedPreviewRecursive (UnityEngine.GameObject)
UnityEditor.EditorUtility:InstantiateForAnimatorPreview (UnityEngine.Object)
UnityEditor.GameObjectInspector/PreviewData:UpdateGameObject (UnityEngine.Object)
UnityEditor.GameObjectInspector/PreviewData:.ctor (UnityEngine.Object)
UnityEditor.GameObjectInspector:GetPreviewData ()
UnityEditor.GameObjectInspector:RenderStaticPreview (string,UnityEngine.Object[],int,int)
UnityEditor.AssetPreviewUpdater:CreatePreviewForAsset (UnityEngine.Object,UnityEngine.Object[],string)

[C:\buildslave\unity\build\Modules/Animation/Director/AnimatorControllerPlayable.cpp line 333]

 -> (artifact id: '0236cb174422287480a1bbbe084d447a') in 0.035351 seconds 
  Import took 0.046095 seconds .

========================================================================
Received Import Request.
  Time since last request: 13.825736 seconds.
  path: Assets/Prefabs/Cards/Napoletane/Bastoni 1.prefab
  artifactKey: Guid(ad5ff881332d5ad4396429d9d7a6b780) Importer(815301076,1909f56bfc062723c751e8b465ee728b)
Start importing Assets/Prefabs/Cards/Napoletane/Bastoni 1.prefab using Guid(ad5ff881332d5ad4396429d9d7a6b780) Importer(815301076,1909f56bfc062723c751e8b465ee728b) The Animator Controller (Card) you have used is not valid. Animations will not play
UnityEngine.StackTraceUtility:ExtractStackTrace ()
UnityEditor.EditorUtility:Internal_InstantiateRemoveAllNonAnimationComponentsSingle (UnityEngine.Object,UnityEngine.Vector3,UnityEngine.Quaternion)
UnityEditor.EditorUtility:InstantiateRemoveAllNonAnimationComponents (UnityEngine.Object,UnityEngine.Vector3,UnityEngine.Quaternion)
UnityEditor.EditorUtility:InstantiateForAnimatorPreview (UnityEngine.Object)
UnityEditor.GameObjectInspector/PreviewData:UpdateGameObject (UnityEngine.Object)
UnityEditor.GameObjectInspector/PreviewData:.ctor (UnityEngine.Object)
UnityEditor.GameObjectInspector:GetPreviewData ()
UnityEditor.GameObjectInspector:RenderStaticPreview (string,UnityEngine.Object[],int,int)
UnityEditor.AssetPreviewUpdater:CreatePreviewForAsset (UnityEngine.Object,UnityEngine.Object[],string)

[C:\buildslave\unity\build\Modules/Animation/Director/AnimatorControllerPlayable.cpp line 333]

The Animator Controller (Card) you have used is not valid. Animations will not play
UnityEngine.StackTraceUtility:ExtractStackTrace ()
UnityEditor.EditorUtility:InitInstantiatedPreviewRecursive (UnityEngine.GameObject)
UnityEditor.EditorUtility:InstantiateForAnimatorPreview (UnityEngine.Object)
UnityEditor.GameObjectInspector/PreviewData:UpdateGameObject (UnityEngine.Object)
UnityEditor.GameObjectInspector/PreviewData:.ctor (UnityEngine.Object)
UnityEditor.GameObjectInspector:GetPreviewData ()
UnityEditor.GameObjectInspector:RenderStaticPreview (string,UnityEngine.Object[],int,int)
UnityEditor.AssetPreviewUpdater:CreatePreviewForAsset (UnityEngine.Object,UnityEngine.Object[],string)

[C:\buildslave\unity\build\Modules/Animation/Director/AnimatorControllerPlayable.cpp line 333]

 -> (artifact id: 'f7fb021c9f59883689bc466b615d53b4') in 0.038218 seconds 
  Import took 0.049525 seconds .

========================================================================
Received Import Request.
  Time since last request: 28.344274 seconds.
  path: Assets/Scripts
  artifactKey: Guid(a204df9f40cd5dc4b9044f6a622dd83e) Importer(815301076,1909f56bfc062723c751e8b465ee728b)
Start importing Assets/Scripts using Guid(a204df9f40cd5dc4b9044f6a622dd83e) Importer(815301076,1909f56bfc062723c751e8b465ee728b)  -> (artifact id: 'ce506d11b2371b94237a65a1afd6a868') in 0.013471 seconds 
  Import took 0.022579 seconds .

========================================================================
Received Import Request.
  Time since last request: 0.017368 seconds.
  path: Assets/Scripts
  artifactKey: Guid(a204df9f40cd5dc4b9044f6a622dd83e) Importer(815301076,1909f56bfc062723c751e8b465ee728b)
Start importing Assets/Scripts using Guid(a204df9f40cd5dc4b9044f6a622dd83e) Importer(815301076,1909f56bfc062723c751e8b465ee728b)  -> (artifact id: 'ce506d11b2371b94237a65a1afd6a868') in 0.009259 seconds 
  Import took 0.018041 seconds .

========================================================================
Received Import Request.
  Time since last request: 4.764163 seconds.
  path: Assets/Scripts/Card.cs
  artifactKey: Guid(1790ed0cfc7f49f47990c0eed5570945) Importer(815301076,1909f56bfc062723c751e8b465ee728b)
Start importing Assets/Scripts/Card.cs using Guid(1790ed0cfc7f49f47990c0eed5570945) Importer(815301076,1909f56bfc062723c751e8b465ee728b)  -> (artifact id: 'fcee39ee2add2be1d21f0be4574ef884') in 0.056981 seconds 
  Import took 0.065291 seconds .

========================================================================
Received Import Request.
  Time since last request: 0.040186 seconds.
  path: Assets/Scripts/Card.cs
  artifactKey: Guid(1790ed0cfc7f49f47990c0eed5570945) Importer(815301076,1909f56bfc062723c751e8b465ee728b)
Start importing Assets/Scripts/Card.cs using Guid(1790ed0cfc7f49f47990c0eed5570945) Importer(815301076,1909f56bfc062723c751e8b465ee728b)  -> (artifact id: 'fcee39ee2add2be1d21f0be4574ef884') in 0.010193 seconds 
  Import took 0.023643 seconds .

========================================================================
Received Prepare
Registering precompiled user dll's ...
Registered in 0.020338 seconds.
Begin MonoManager ReloadAssembly
Native extension for WindowsStandalone target not found
Refreshing native plugins compatible for Editor in 1.08 ms, found 3 plugins.
Preloading 0 native plugins for Editor in 0.00 ms.
Mono: successfully reloaded assembly
- Completed reload, in  2.462 seconds
Platform modules already initialized, skipping
Refreshing native plugins compatible for Editor in 1.08 ms, found 3 plugins.
Preloading 0 native plugins for Editor in 0.00 ms.
Unloading 2076 Unused Serialized files (Serialized files now loaded: 0)
System memory in use before: 96.5 MB.
System memory in use after: 96.4 MB.

Unloading 21 unused Assets to reduce memory usage. Loaded Objects now: 2566.
Total: 8.414600 ms (FindLiveObjects: 0.902200 ms CreateObjectMapping: 0.190200 ms MarkObjects: 7.034700 ms  DeleteObjects: 0.284700 ms)

AssetImportParameters requested are different than current active one (requested -> active):
  custom:framework-win-MediaFoundation: 216162199b28c13a410421893ffa2e32 -> 
  custom:video-decoder-ogg-theora: a1e56fd34408186e4bbccfd4996cb3dc -> 
  custom:container-muxer-webm: aa71ff27fc2769a1b78a27578f13a17b -> 
  custom:container-demuxer-webm: 4f35f7cbe854078d1ac9338744f61a02 -> 
  custom:container-demuxer-ogg: 62fdf1f143b41e24485cea50d1cbac27 -> 
  custom:video-encoder-webm-vp8: eb34c28f22e8b96e1ab97ce403110664 -> 
  custom:video-decoder-webm-vp8: 9c59270c3fd7afecdb556c50c9e8de78 -> 
  custom:audio-decoder-ogg-vorbis: bf7c407c2cedff20999df2af8eb42d56 -> 
  custom:audio-encoder-webm-vorbis: bf7c407c2cedff20999df2af8eb42d56 -> 
========================================================================
Received Prepare
Registering precompiled user dll's ...
Registered in 0.011808 seconds.
Begin MonoManager ReloadAssembly
Native extension for WindowsStandalone target not found
Refreshing native plugins compatible for Editor in 1.98 ms, found 3 plugins.
Preloading 0 native plugins for Editor in 0.00 ms.
Mono: successfully reloaded assembly
- Completed reload, in  2.800 seconds
Platform modules already initialized, skipping
Refreshing native plugins compatible for Editor in 1.51 ms, found 3 plugins.
Preloading 0 native plugins for Editor in 0.00 ms.
Unloading 2076 Unused Serialized files (Serialized files now loaded: 0)
System memory in use before: 96.5 MB.
System memory in use after: 96.5 MB.

Unloading 21 unused Assets to reduce memory usage. Loaded Objects now: 2570.
Total: 5.831000 ms (FindLiveObjects: 0.502200 ms CreateObjectMapping: 0.097700 ms MarkObjects: 4.938300 ms  DeleteObjects: 0.289100 ms)

AssetImportParameters requested are different than current active one (requested -> active):
  custom:framework-win-MediaFoundation: 216162199b28c13a410421893ffa2e32 -> 
  custom:video-decoder-ogg-theora: a1e56fd34408186e4bbccfd4996cb3dc -> 
  custom:container-muxer-webm: aa71ff27fc2769a1b78a27578f13a17b -> 
  custom:container-demuxer-webm: 4f35f7cbe854078d1ac9338744f61a02 -> 
  custom:container-demuxer-ogg: 62fdf1f143b41e24485cea50d1cbac27 -> 
  custom:video-encoder-webm-vp8: eb34c28f22e8b96e1ab97ce403110664 -> 
  custom:video-decoder-webm-vp8: 9c59270c3fd7afecdb556c50c9e8de78 -> 
  custom:audio-decoder-ogg-vorbis: bf7c407c2cedff20999df2af8eb42d56 -> 
  custom:audio-encoder-webm-vorbis: bf7c407c2cedff20999df2af8eb42d56 -> 
========================================================================
Received Import Request.
  Time since last request: 159.206864 seconds.
  path: Assets/Scripts/Card.cs
  artifactKey: Guid(1790ed0cfc7f49f47990c0eed5570945) Importer(815301076,1909f56bfc062723c751e8b465ee728b)
Start importing Assets/Scripts/Card.cs using Guid(1790ed0cfc7f49f47990c0eed5570945) Importer(815301076,1909f56bfc062723c751e8b465ee728b)  -> (artifact id: 'd06e1d24dcc2eadf16e0e9c0f2f805e3') in 0.013070 seconds 
  Import took 0.019799 seconds .

========================================================================
Received Import Request.
  Time since last request: 18.578550 seconds.
  path: Assets/Models/Card.fbx
  artifactKey: Guid(ffa7aa4b25b96c8468508d78e3f7d383) Importer(815301076,1909f56bfc062723c751e8b465ee728b)
Start importing Assets/Models/Card.fbx using Guid(ffa7aa4b25b96c8468508d78e3f7d383) Importer(815301076,1909f56bfc062723c751e8b465ee728b)  -> (artifact id: '24a91135f4485ea3e48e66981acf296a') in 0.272312 seconds 
  Import took 0.284942 seconds .

========================================================================
Received Import Request.
  Time since last request: 36.958179 seconds.
  path: Assets/Prefabs/Cards/Napoletane/Bastoni 1.prefab
  artifactKey: Guid(ad5ff881332d5ad4396429d9d7a6b780) Importer(815301076,1909f56bfc062723c751e8b465ee728b)
Start importing Assets/Prefabs/Cards/Napoletane/Bastoni 1.prefab using Guid(ad5ff881332d5ad4396429d9d7a6b780) Importer(815301076,1909f56bfc062723c751e8b465ee728b) The Animator Controller (Card) you have used is not valid. Animations will not play
UnityEngine.StackTraceUtility:ExtractStackTrace ()
UnityEditor.EditorUtility:Internal_InstantiateRemoveAllNonAnimationComponentsSingle (UnityEngine.Object,UnityEngine.Vector3,UnityEngine.Quaternion)
UnityEditor.EditorUtility:InstantiateRemoveAllNonAnimationComponents (UnityEngine.Object,UnityEngine.Vector3,UnityEngine.Quaternion)
UnityEditor.EditorUtility:InstantiateForAnimatorPreview (UnityEngine.Object)
UnityEditor.GameObjectInspector/PreviewData:UpdateGameObject (UnityEngine.Object)
UnityEditor.GameObjectInspector/PreviewData:.ctor (UnityEngine.Object)
UnityEditor.GameObjectInspector:GetPreviewData ()
UnityEditor.GameObjectInspector:RenderStaticPreview (string,UnityEngine.Object[],int,int)
UnityEditor.AssetPreviewUpdater:CreatePreviewForAsset (UnityEngine.Object,UnityEngine.Object[],string)

[C:\buildslave\unity\build\Modules/Animation/Director/AnimatorControllerPlayable.cpp line 333]

The Animator Controller (Card) you have used is not valid. Animations will not play
UnityEngine.StackTraceUtility:ExtractStackTrace ()
UnityEditor.EditorUtility:InitInstantiatedPreviewRecursive (UnityEngine.GameObject)
UnityEditor.EditorUtility:InstantiateForAnimatorPreview (UnityEngine.Object)
UnityEditor.GameObjectInspector/PreviewData:UpdateGameObject (UnityEngine.Object)
UnityEditor.GameObjectInspector/PreviewData:.ctor (UnityEngine.Object)
UnityEditor.GameObjectInspector:GetPreviewData ()
UnityEditor.GameObjectInspector:RenderStaticPreview (string,UnityEngine.Object[],int,int)
UnityEditor.AssetPreviewUpdater:CreatePreviewForAsset (UnityEngine.Object,UnityEngine.Object[],string)

[C:\buildslave\unity\build\Modules/Animation/Director/AnimatorControllerPlayable.cpp line 333]

 -> (artifact id: 'fe086331976e99e06116dc4b4138ac95') in 0.039378 seconds 
  Import took 0.047934 seconds .

========================================================================
Received Import Request.
  Time since last request: 0.001212 seconds.
  path: Assets/Prefabs/Cards/Napoletane/Bastoni 1.prefab
  artifactKey: Guid(ad5ff881332d5ad4396429d9d7a6b780) Importer(815301076,1909f56bfc062723c751e8b465ee728b)
Start importing Assets/Prefabs/Cards/Napoletane/Bastoni 1.prefab using Guid(ad5ff881332d5ad4396429d9d7a6b780) Importer(815301076,1909f56bfc062723c751e8b465ee728b) The Animator Controller (Card) you have used is not valid. Animations will not play
UnityEngine.StackTraceUtility:ExtractStackTrace ()
UnityEditor.EditorUtility:Internal_InstantiateRemoveAllNonAnimationComponentsSingle (UnityEngine.Object,UnityEngine.Vector3,UnityEngine.Quaternion)
UnityEditor.EditorUtility:InstantiateRemoveAllNonAnimationComponents (UnityEngine.Object,UnityEngine.Vector3,UnityEngine.Quaternion)
UnityEditor.EditorUtility:InstantiateForAnimatorPreview (UnityEngine.Object)
UnityEditor.GameObjectInspector/PreviewData:UpdateGameObject (UnityEngine.Object)
UnityEditor.GameObjectInspector/PreviewData:.ctor (UnityEngine.Object)
UnityEditor.GameObjectInspector:GetPreviewData ()
UnityEditor.GameObjectInspector:RenderStaticPreview (string,UnityEngine.Object[],int,int)
UnityEditor.AssetPreviewUpdater:CreatePreviewForAsset (UnityEngine.Object,UnityEngine.Object[],string)

[C:\buildslave\unity\build\Modules/Animation/Director/AnimatorControllerPlayable.cpp line 333]

The Animator Controller (Card) you have used is not valid. Animations will not play
UnityEngine.StackTraceUtility:ExtractStackTrace ()
UnityEditor.EditorUtility:InitInstantiatedPreviewRecursive (UnityEngine.GameObject)
UnityEditor.EditorUtility:InstantiateForAnimatorPreview (UnityEngine.Object)
UnityEditor.GameObjectInspector/PreviewData:UpdateGameObject (UnityEngine.Object)
UnityEditor.GameObjectInspector/PreviewData:.ctor (UnityEngine.Object)
UnityEditor.GameObjectInspector:GetPreviewData ()
UnityEditor.GameObjectInspector:RenderStaticPreview (string,UnityEngine.Object[],int,int)
UnityEditor.AssetPreviewUpdater:CreatePreviewForAsset (UnityEngine.Object,UnityEngine.Object[],string)

[C:\buildslave\unity\build\Modules/Animation/Director/AnimatorControllerPlayable.cpp line 333]

 -> (artifact id: 'fe086331976e99e06116dc4b4138ac95') in 0.032728 seconds 
  Import took 0.040281 seconds .

========================================================================
Received Prepare
Registering precompiled user dll's ...
Registered in 0.015721 seconds.
Begin MonoManager ReloadAssembly
Native extension for WindowsStandalone target not found
Refreshing native plugins compatible for Editor in 1.55 ms, found 3 plugins.
Preloading 0 native plugins for Editor in 0.00 ms.
Mono: successfully reloaded assembly
- Completed reload, in  2.656 seconds
Platform modules already initialized, skipping
Refreshing native plugins compatible for Editor in 1.07 ms, found 3 plugins.
Preloading 0 native plugins for Editor in 0.00 ms.
Unloading 2077 Unused Serialized files (Serialized files now loaded: 0)
System memory in use before: 96.6 MB.
System memory in use after: 96.5 MB.

Unloading 21 unused Assets to reduce memory usage. Loaded Objects now: 2576.
Total: 6.858100 ms (FindLiveObjects: 1.232500 ms CreateObjectMapping: 0.143800 ms MarkObjects: 5.068600 ms  DeleteObjects: 0.410100 ms)

AssetImportParameters requested are different than current active one (requested -> active):
  custom:framework-win-MediaFoundation: 216162199b28c13a410421893ffa2e32 -> 
  custom:video-decoder-ogg-theora: a1e56fd34408186e4bbccfd4996cb3dc -> 
  custom:container-muxer-webm: aa71ff27fc2769a1b78a27578f13a17b -> 
  custom:container-demuxer-webm: 4f35f7cbe854078d1ac9338744f61a02 -> 
  custom:container-demuxer-ogg: 62fdf1f143b41e24485cea50d1cbac27 -> 
  custom:video-encoder-webm-vp8: eb34c28f22e8b96e1ab97ce403110664 -> 
  custom:video-decoder-webm-vp8: 9c59270c3fd7afecdb556c50c9e8de78 -> 
  custom:audio-decoder-ogg-vorbis: bf7c407c2cedff20999df2af8eb42d56 -> 
  custom:audio-encoder-webm-vorbis: bf7c407c2cedff20999df2af8eb42d56 -> 
========================================================================
Received Import Request.
  Time since last request: 381.248877 seconds.
  path: Assets/Scripts/Card.cs
  artifactKey: Guid(1790ed0cfc7f49f47990c0eed5570945) Importer(815301076,1909f56bfc062723c751e8b465ee728b)
Start importing Assets/Scripts/Card.cs using Guid(1790ed0cfc7f49f47990c0eed5570945) Importer(815301076,1909f56bfc062723c751e8b465ee728b)  -> (artifact id: '89a39c48ee7b838b4c606ab5926e9fc6') in 0.015156 seconds 
  Import took 0.023143 seconds .

========================================================================
Received Prepare
Registering precompiled user dll's ...
Registered in 0.008881 seconds.
Begin MonoManager ReloadAssembly
Native extension for WindowsStandalone target not found
Refreshing native plugins compatible for Editor in 0.84 ms, found 3 plugins.
Preloading 0 native plugins for Editor in 0.00 ms.
Mono: successfully reloaded assembly
- Completed reload, in  1.783 seconds
Platform modules already initialized, skipping
Refreshing native plugins compatible for Editor in 0.75 ms, found 3 plugins.
Preloading 0 native plugins for Editor in 0.00 ms.
Unloading 2077 Unused Serialized files (Serialized files now loaded: 0)
System memory in use before: 96.6 MB.
System memory in use after: 96.5 MB.

Unloading 21 unused Assets to reduce memory usage. Loaded Objects now: 2580.
Total: 4.563100 ms (FindLiveObjects: 0.350600 ms CreateObjectMapping: 0.105000 ms MarkObjects: 3.926000 ms  DeleteObjects: 0.179200 ms)

AssetImportParameters requested are different than current active one (requested -> active):
  custom:framework-win-MediaFoundation: 216162199b28c13a410421893ffa2e32 -> 
  custom:video-decoder-ogg-theora: a1e56fd34408186e4bbccfd4996cb3dc -> 
  custom:container-muxer-webm: aa71ff27fc2769a1b78a27578f13a17b -> 
  custom:container-demuxer-webm: 4f35f7cbe854078d1ac9338744f61a02 -> 
  custom:container-demuxer-ogg: 62fdf1f143b41e24485cea50d1cbac27 -> 
  custom:video-encoder-webm-vp8: eb34c28f22e8b96e1ab97ce403110664 -> 
  custom:video-decoder-webm-vp8: 9c59270c3fd7afecdb556c50c9e8de78 -> 
  custom:audio-decoder-ogg-vorbis: bf7c407c2cedff20999df2af8eb42d56 -> 
  custom:audio-encoder-webm-vorbis: bf7c407c2cedff20999df2af8eb42d56 -> 
========================================================================
Received Import Request.
  Time since last request: 166.272293 seconds.
  path: Assets/Scripts/Card.cs
  artifactKey: Guid(1790ed0cfc7f49f47990c0eed5570945) Importer(815301076,1909f56bfc062723c751e8b465ee728b)
Start importing Assets/Scripts/Card.cs using Guid(1790ed0cfc7f49f47990c0eed5570945) Importer(815301076,1909f56bfc062723c751e8b465ee728b)  -> (artifact id: '7ab11429a73f82e8dc0a2351536fc82a') in 0.009454 seconds 
  Import took 0.014874 seconds .

========================================================================
Received Prepare
Registering precompiled user dll's ...
Registered in 0.009565 seconds.
Begin MonoManager ReloadAssembly
Native extension for WindowsStandalone target not found
Refreshing native plugins compatible for Editor in 0.83 ms, found 3 plugins.
Preloading 0 native plugins for Editor in 0.00 ms.
Mono: successfully reloaded assembly
- Completed reload, in  1.810 seconds
Platform modules already initialized, skipping
Refreshing native plugins compatible for Editor in 1.08 ms, found 3 plugins.
Preloading 0 native plugins for Editor in 0.00 ms.
Unloading 2077 Unused Serialized files (Serialized files now loaded: 0)
System memory in use before: 96.6 MB.
System memory in use after: 96.6 MB.

Unloading 21 unused Assets to reduce memory usage. Loaded Objects now: 2584.
Total: 4.985800 ms (FindLiveObjects: 0.463900 ms CreateObjectMapping: 0.130800 ms MarkObjects: 4.196800 ms  DeleteObjects: 0.191800 ms)

AssetImportParameters requested are different than current active one (requested -> active):
  custom:framework-win-MediaFoundation: 216162199b28c13a410421893ffa2e32 -> 
  custom:video-decoder-ogg-theora: a1e56fd34408186e4bbccfd4996cb3dc -> 
  custom:container-muxer-webm: aa71ff27fc2769a1b78a27578f13a17b -> 
  custom:container-demuxer-webm: 4f35f7cbe854078d1ac9338744f61a02 -> 
  custom:container-demuxer-ogg: 62fdf1f143b41e24485cea50d1cbac27 -> 
  custom:video-encoder-webm-vp8: eb34c28f22e8b96e1ab97ce403110664 -> 
  custom:video-decoder-webm-vp8: 9c59270c3fd7afecdb556c50c9e8de78 -> 
  custom:audio-decoder-ogg-vorbis: bf7c407c2cedff20999df2af8eb42d56 -> 
  custom:audio-encoder-webm-vorbis: bf7c407c2cedff20999df2af8eb42d56 -> 
========================================================================
Received Import Request.
  Time since last request: 462.712699 seconds.
  path: Assets/Animations/Card.controller
  artifactKey: Guid(e7c9bd07cf949564091c30e58fc867e8) Importer(815301076,1909f56bfc062723c751e8b465ee728b)
Start importing Assets/Animations/Card.controller using Guid(e7c9bd07cf949564091c30e58fc867e8) Importer(815301076,1909f56bfc062723c751e8b465ee728b)  -> (artifact id: '86875f91720b8b5cbdbe70338986682c') in 0.026970 seconds 
  Import took 0.031665 seconds .

========================================================================
Received Import Request.
  Time since last request: 125.607645 seconds.
  path: Assets/Animations/Cover.anim
  artifactKey: Guid(9801e5f25996bb7418b1abb293a4b1d9) Importer(815301076,1909f56bfc062723c751e8b465ee728b)
Start importing Assets/Animations/Cover.anim using Guid(9801e5f25996bb7418b1abb293a4b1d9) Importer(815301076,1909f56bfc062723c751e8b465ee728b)  -> (artifact id: '646603ada0138ba08b8face3729f48d5') in 0.013468 seconds 
  Import took 0.019841 seconds .

========================================================================
Received Import Request.
  Time since last request: 0.001630 seconds.
  path: Assets/Animations/Cover.anim
  artifactKey: Guid(9801e5f25996bb7418b1abb293a4b1d9) Importer(815301076,1909f56bfc062723c751e8b465ee728b)
Start importing Assets/Animations/Cover.anim using Guid(9801e5f25996bb7418b1abb293a4b1d9) Importer(815301076,1909f56bfc062723c751e8b465ee728b)  -> (artifact id: '646603ada0138ba08b8face3729f48d5') in 0.006435 seconds 
  Import took 0.011883 seconds .

========================================================================
Received Import Request.
  Time since last request: 54.371575 seconds.
  path: Assets/Animations/Uncover.anim
  artifactKey: Guid(b181be3622f1f424b807df982847b1be) Importer(815301076,1909f56bfc062723c751e8b465ee728b)
Start importing Assets/Animations/Uncover.anim using Guid(b181be3622f1f424b807df982847b1be) Importer(815301076,1909f56bfc062723c751e8b465ee728b)  -> (artifact id: '77fea81c2f5f47291a62b825f941e9ef') in 0.009152 seconds 
  Import took 0.015020 seconds .

========================================================================
Received Import Request.
  Time since last request: 0.007312 seconds.
  path: Assets/Animations/Uncover.anim
  artifactKey: Guid(b181be3622f1f424b807df982847b1be) Importer(815301076,1909f56bfc062723c751e8b465ee728b)
Start importing Assets/Animations/Uncover.anim using Guid(b181be3622f1f424b807df982847b1be) Importer(815301076,1909f56bfc062723c751e8b465ee728b)  -> (artifact id: '77fea81c2f5f47291a62b825f941e9ef') in 0.007952 seconds 
  Import took 0.015520 seconds .

========================================================================
Received Import Request.
  Time since last request: 6.696503 seconds.
  path: Assets/Animations/Covered.anim
  artifactKey: Guid(9801e5f25996bb7418b1abb293a4b1d9) Importer(815301076,1909f56bfc062723c751e8b465ee728b)
Start importing Assets/Animations/Covered.anim using Guid(9801e5f25996bb7418b1abb293a4b1d9) Importer(815301076,1909f56bfc062723c751e8b465ee728b)  -> (artifact id: 'b796bd8a3a5a60ad254246919ed90e5b') in 0.008273 seconds 
  Import took 0.014781 seconds .

========================================================================
Received Import Request.
  Time since last request: 36.772570 seconds.
  path: Assets/Animations/Uncovered.anim
  artifactKey: Guid(b181be3622f1f424b807df982847b1be) Importer(815301076,1909f56bfc062723c751e8b465ee728b)
Start importing Assets/Animations/Uncovered.anim using Guid(b181be3622f1f424b807df982847b1be) Importer(815301076,1909f56bfc062723c751e8b465ee728b)  -> (artifact id: '045f2fa0ef5bf6693145d4d53ab1e8c3') in 0.008111 seconds 
  Import took 0.015161 seconds .

========================================================================
Received Prepare
Registering precompiled user dll's ...
Registered in 0.012047 seconds.
Begin MonoManager ReloadAssembly
Native extension for WindowsStandalone target not found
Refreshing native plugins compatible for Editor in 0.86 ms, found 3 plugins.
Preloading 0 native plugins for Editor in 0.00 ms.
Mono: successfully reloaded assembly
- Completed reload, in  1.527 seconds
Platform modules already initialized, skipping
Refreshing native plugins compatible for Editor in 0.59 ms, found 3 plugins.
Preloading 0 native plugins for Editor in 0.00 ms.
Unloading 2077 Unused Serialized files (Serialized files now loaded: 0)
System memory in use before: 96.6 MB.
System memory in use after: 96.6 MB.

Unloading 21 unused Assets to reduce memory usage. Loaded Objects now: 2588.
Total: 3.509400 ms (FindLiveObjects: 0.276100 ms CreateObjectMapping: 0.071300 ms MarkObjects: 2.739900 ms  DeleteObjects: 0.419900 ms)

AssetImportParameters requested are different than current active one (requested -> active):
  custom:framework-win-MediaFoundation: 216162199b28c13a410421893ffa2e32 -> 
  custom:video-decoder-ogg-theora: a1e56fd34408186e4bbccfd4996cb3dc -> 
  custom:container-muxer-webm: aa71ff27fc2769a1b78a27578f13a17b -> 
  custom:container-demuxer-webm: 4f35f7cbe854078d1ac9338744f61a02 -> 
  custom:container-demuxer-ogg: 62fdf1f143b41e24485cea50d1cbac27 -> 
  custom:video-encoder-webm-vp8: eb34c28f22e8b96e1ab97ce403110664 -> 
  custom:video-decoder-webm-vp8: 9c59270c3fd7afecdb556c50c9e8de78 -> 
  custom:audio-decoder-ogg-vorbis: bf7c407c2cedff20999df2af8eb42d56 -> 
  custom:audio-encoder-webm-vorbis: bf7c407c2cedff20999df2af8eb42d56 -> 
========================================================================
Received Import Request.
  Time since last request: 259.701473 seconds.
  path: Assets/Scripts/Deck.cs
  artifactKey: Guid(71c0cadb8de5a7549a42d903337df285) Importer(815301076,1909f56bfc062723c751e8b465ee728b)
Start importing Assets/Scripts/Deck.cs using Guid(71c0cadb8de5a7549a42d903337df285) Importer(815301076,1909f56bfc062723c751e8b465ee728b)  -> (artifact id: '3d2f8cc0c67a15eeb5493b835ab8fc47') in 0.012697 seconds 
  Import took 0.021320 seconds .

========================================================================
Received Prepare
Registering precompiled user dll's ...
Registered in 0.008649 seconds.
Begin MonoManager ReloadAssembly
Native extension for WindowsStandalone target not found
Refreshing native plugins compatible for Editor in 0.86 ms, found 3 plugins.
Preloading 0 native plugins for Editor in 0.00 ms.
Mono: successfully reloaded assembly
- Completed reload, in  2.612 seconds
Platform modules already initialized, skipping
Refreshing native plugins compatible for Editor in 0.58 ms, found 3 plugins.
Preloading 0 native plugins for Editor in 0.00 ms.
Unloading 2078 Unused Serialized files (Serialized files now loaded: 0)
System memory in use before: 96.6 MB.
System memory in use after: 96.6 MB.

Unloading 21 unused Assets to reduce memory usage. Loaded Objects now: 2593.
Total: 6.768000 ms (FindLiveObjects: 0.318400 ms CreateObjectMapping: 0.134800 ms MarkObjects: 3.234400 ms  DeleteObjects: 3.078000 ms)

AssetImportParameters requested are different than current active one (requested -> active):
  custom:framework-win-MediaFoundation: 216162199b28c13a410421893ffa2e32 -> 
  custom:video-decoder-ogg-theora: a1e56fd34408186e4bbccfd4996cb3dc -> 
  custom:container-muxer-webm: aa71ff27fc2769a1b78a27578f13a17b -> 
  custom:container-demuxer-webm: 4f35f7cbe854078d1ac9338744f61a02 -> 
  custom:container-demuxer-ogg: 62fdf1f143b41e24485cea50d1cbac27 -> 
  custom:video-encoder-webm-vp8: eb34c28f22e8b96e1ab97ce403110664 -> 
  custom:video-decoder-webm-vp8: 9c59270c3fd7afecdb556c50c9e8de78 -> 
  custom:audio-decoder-ogg-vorbis: bf7c407c2cedff20999df2af8eb42d56 -> 
  custom:audio-encoder-webm-vorbis: bf7c407c2cedff20999df2af8eb42d56 -> 
========================================================================
Received Import Request.
  Time since last request: 381.569258 seconds.
  path: Assets/Scripts/Deck.cs
  artifactKey: Guid(71c0cadb8de5a7549a42d903337df285) Importer(815301076,1909f56bfc062723c751e8b465ee728b)
Start importing Assets/Scripts/Deck.cs using Guid(71c0cadb8de5a7549a42d903337df285) Importer(815301076,1909f56bfc062723c751e8b465ee728b)  -> (artifact id: 'fe8101b3f821df48c8401c5e357a18f9') in 0.043345 seconds 
  Import took 0.050077 seconds .

========================================================================
Received Import Request.
  Time since last request: 48.900253 seconds.
  path: Assets/Scripts/Deck.cs
  artifactKey: Guid(71c0cadb8de5a7549a42d903337df285) Importer(815301076,1909f56bfc062723c751e8b465ee728b)
Start importing Assets/Scripts/Deck.cs using Guid(71c0cadb8de5a7549a42d903337df285) Importer(815301076,1909f56bfc062723c751e8b465ee728b)  -> (artifact id: 'af9d116a045509d3bbcbc5236c214d91') in 0.009636 seconds 
  Import took 0.018072 seconds .

========================================================================
Received Import Request.
  Time since last request: 140.671350 seconds.
  path: Assets/Scripts/CardAsset.cs
  artifactKey: Guid(22c1b6939ce84bf4c8c9eb4d90ccdb91) Importer(815301076,1909f56bfc062723c751e8b465ee728b)
Start importing Assets/Scripts/CardAsset.cs using Guid(22c1b6939ce84bf4c8c9eb4d90ccdb91) Importer(815301076,1909f56bfc062723c751e8b465ee728b)  -> (artifact id: '6cfaec4361a279f98a48a65fcdc08e80') in 0.011876 seconds 
  Import took 0.057294 seconds .

========================================================================
Received Import Request.
  Time since last request: 306.631729 seconds.
  path: Assets/Scripts/CardAsset.cs
  artifactKey: Guid(22c1b6939ce84bf4c8c9eb4d90ccdb91) Importer(815301076,1909f56bfc062723c751e8b465ee728b)
Start importing Assets/Scripts/CardAsset.cs using Guid(22c1b6939ce84bf4c8c9eb4d90ccdb91) Importer(815301076,1909f56bfc062723c751e8b465ee728b)  -> (artifact id: '923b11ec410216a809ed1ac7d46c7675') in 0.006104 seconds 
  Import took 0.010719 seconds .

========================================================================
Received Import Request.
  Time since last request: 267.042787 seconds.
  path: Assets/Cards
  artifactKey: Guid(7f08e07640aab3e41bedfe8eb4ec38e8) Importer(815301076,1909f56bfc062723c751e8b465ee728b)
Start importing Assets/Cards using Guid(7f08e07640aab3e41bedfe8eb4ec38e8) Importer(815301076,1909f56bfc062723c751e8b465ee728b)  -> (artifact id: '7ef2d94b4b84b00948fe470b2b878a5c') in 0.016646 seconds 
  Import took 0.034512 seconds .

========================================================================
Received Prepare
Registering precompiled user dll's ...
Registered in 0.013859 seconds.
Begin MonoManager ReloadAssembly
Native extension for WindowsStandalone target not found
Refreshing native plugins compatible for Editor in 0.60 ms, found 3 plugins.
Preloading 0 native plugins for Editor in 0.00 ms.
Mono: successfully reloaded assembly
- Completed reload, in  1.488 seconds
Platform modules already initialized, skipping
Refreshing native plugins compatible for Editor in 0.72 ms, found 3 plugins.
Preloading 0 native plugins for Editor in 0.00 ms.
Unloading 2079 Unused Serialized files (Serialized files now loaded: 0)
System memory in use before: 96.7 MB.
System memory in use after: 96.7 MB.

Unloading 21 unused Assets to reduce memory usage. Loaded Objects now: 2598.
Total: 4.653600 ms (FindLiveObjects: 0.434200 ms CreateObjectMapping: 0.200800 ms MarkObjects: 3.843200 ms  DeleteObjects: 0.173000 ms)

AssetImportParameters requested are different than current active one (requested -> active):
  custom:framework-win-MediaFoundation: 216162199b28c13a410421893ffa2e32 -> 
  custom:video-decoder-ogg-theora: a1e56fd34408186e4bbccfd4996cb3dc -> 
  custom:container-muxer-webm: aa71ff27fc2769a1b78a27578f13a17b -> 
  custom:container-demuxer-webm: 4f35f7cbe854078d1ac9338744f61a02 -> 
  custom:container-demuxer-ogg: 62fdf1f143b41e24485cea50d1cbac27 -> 
  custom:video-encoder-webm-vp8: eb34c28f22e8b96e1ab97ce403110664 -> 
  custom:video-decoder-webm-vp8: 9c59270c3fd7afecdb556c50c9e8de78 -> 
  custom:audio-decoder-ogg-vorbis: bf7c407c2cedff20999df2af8eb42d56 -> 
  custom:audio-encoder-webm-vorbis: bf7c407c2cedff20999df2af8eb42d56 -> 
========================================================================
Received Import Request.
  Time since last request: 559.829761 seconds.
  path: Assets/Cards/Bastoni 1.asset
  artifactKey: Guid(026974c2702895147a7b6383edbd54ca) Importer(815301076,1909f56bfc062723c751e8b465ee728b)
Start importing Assets/Cards/Bastoni 1.asset using Guid(026974c2702895147a7b6383edbd54ca) Importer(815301076,1909f56bfc062723c751e8b465ee728b)  -> (artifact id: 'a5da5f4e7ac93918ba885d83d8ae5239') in 0.028692 seconds 
  Import took 0.035949 seconds .

========================================================================
Received Prepare
Registering precompiled user dll's ...
Registered in 0.008557 seconds.
Begin MonoManager ReloadAssembly
Native extension for WindowsStandalone target not found
Refreshing native plugins compatible for Editor in 0.59 ms, found 3 plugins.
Preloading 0 native plugins for Editor in 0.00 ms.
Mono: successfully reloaded assembly
- Completed reload, in  1.607 seconds
Platform modules already initialized, skipping
Refreshing native plugins compatible for Editor in 1.04 ms, found 3 plugins.
Preloading 0 native plugins for Editor in 0.00 ms.
Unloading 2079 Unused Serialized files (Serialized files now loaded: 0)
System memory in use before: 96.7 MB.
System memory in use after: 96.7 MB.

Unloading 21 unused Assets to reduce memory usage. Loaded Objects now: 2602.
Total: 4.238000 ms (FindLiveObjects: 0.376600 ms CreateObjectMapping: 0.113500 ms MarkObjects: 3.565000 ms  DeleteObjects: 0.180600 ms)

AssetImportParameters requested are different than current active one (requested -> active):
  custom:framework-win-MediaFoundation: 216162199b28c13a410421893ffa2e32 -> 
  custom:video-decoder-ogg-theora: a1e56fd34408186e4bbccfd4996cb3dc -> 
  custom:container-muxer-webm: aa71ff27fc2769a1b78a27578f13a17b -> 
  custom:container-demuxer-webm: 4f35f7cbe854078d1ac9338744f61a02 -> 
  custom:container-demuxer-ogg: 62fdf1f143b41e24485cea50d1cbac27 -> 
  custom:video-encoder-webm-vp8: eb34c28f22e8b96e1ab97ce403110664 -> 
  custom:video-decoder-webm-vp8: 9c59270c3fd7afecdb556c50c9e8de78 -> 
  custom:audio-decoder-ogg-vorbis: bf7c407c2cedff20999df2af8eb42d56 -> 
  custom:audio-encoder-webm-vorbis: bf7c407c2cedff20999df2af8eb42d56 -> 
========================================================================
Received Import Request.
  Time since last request: 87.490386 seconds.
  path: Assets/Cards/Bastoni 2.asset
  artifactKey: Guid(0758a551c9b382d4cbbcc7d33fadf337) Importer(815301076,1909f56bfc062723c751e8b465ee728b)
Start importing Assets/Cards/Bastoni 2.asset using Guid(0758a551c9b382d4cbbcc7d33fadf337) Importer(815301076,1909f56bfc062723c751e8b465ee728b)  -> (artifact id: '3cf212973bf38a9fd2c1156b34ff572a') in 0.025112 seconds 
  Import took 0.032190 seconds .

========================================================================
Received Import Request.
  Time since last request: 0.000941 seconds.
  path: Assets/Cards/Bastoni 2.asset
  artifactKey: Guid(0758a551c9b382d4cbbcc7d33fadf337) Importer(815301076,1909f56bfc062723c751e8b465ee728b)
Start importing Assets/Cards/Bastoni 2.asset using Guid(0758a551c9b382d4cbbcc7d33fadf337) Importer(815301076,1909f56bfc062723c751e8b465ee728b)  -> (artifact id: '3cf212973bf38a9fd2c1156b34ff572a') in 0.006554 seconds 
  Import took 0.011831 seconds .

========================================================================
Received Import Request.
  Time since last request: 47.749381 seconds.
  path: Assets/Cards/Bastoni 2.asset
  artifactKey: Guid(0758a551c9b382d4cbbcc7d33fadf337) Importer(815301076,1909f56bfc062723c751e8b465ee728b)
Start importing Assets/Cards/Bastoni 2.asset using Guid(0758a551c9b382d4cbbcc7d33fadf337) Importer(815301076,1909f56bfc062723c751e8b465ee728b)  -> (artifact id: '2c2b940efadc8dcc3da0810c5de6eb89') in 0.014109 seconds 
  Import took 0.022163 seconds .

AssetImportWorkerClient::OnTransportError - code=2 error=End of file
